\BOOKMARK [0][-]{Doc-Start}{Danksagungen}{}% 1
\BOOKMARK [0][-]{chapter*.1}{Zusammenfassung}{}% 2
\BOOKMARK [0][-]{toc.0}{Inhaltsverzeichnis}{}% 3
\BOOKMARK [0][-]{chapter.1}{Einleitung}{}% 4
\BOOKMARK [1][-]{section.1.1}{Was ist eine Benutzeroberfl\344che?}{chapter.1}% 5
\BOOKMARK [2][-]{subsection.1.1.1}{Element}{section.1.1}% 6
\BOOKMARK [2][-]{subsection.1.1.2}{Anker}{section.1.1}% 7
\BOOKMARK [1][-]{section.1.2}{Was bedeutet umgebungsabh\344ngig?}{chapter.1}% 8
\BOOKMARK [1][-]{section.1.3}{Was ist VR/AR?}{chapter.1}% 9
\BOOKMARK [0][-]{chapter.2}{Verwandte Arbeiten}{}% 10
\BOOKMARK [1][-]{section.2.1}{Priorisieren von Benutzeroberfl\344chen}{chapter.2}% 11
\BOOKMARK [1][-]{section.2.2}{Positionierung in 2D}{chapter.2}% 12
\BOOKMARK [1][-]{section.2.3}{Positionierung in 3D \(VR/AR auch ohne\)}{chapter.2}% 13
\BOOKMARK [0][-]{chapter.3}{Problemdiskussion}{}% 14
\BOOKMARK [1][-]{section.3.1}{Problembeschreibung}{chapter.3}% 15
\BOOKMARK [1][-]{section.3.2}{Ansatz}{chapter.3}% 16
\BOOKMARK [2][-]{subsection.3.2.1}{Umsetzung der Priorit\344tsstufen}{section.3.2}% 17
\BOOKMARK [2][-]{subsection.3.2.2}{Erweiterung}{section.3.2}% 18
\BOOKMARK [2][-]{subsection.3.2.3}{R\374ckfallarten}{section.3.2}% 19
\BOOKMARK [2][-]{subsection.3.2.4}{TODO}{section.3.2}% 20
\BOOKMARK [1][-]{section.3.3}{Umsetzung}{chapter.3}% 21
\BOOKMARK [2][-]{subsection.3.3.1}{UIAnchor}{section.3.3}% 22
\BOOKMARK [2][-]{subsection.3.3.2}{UIContainer}{section.3.3}% 23
\BOOKMARK [2][-]{subsection.3.3.3}{AnchoredUI}{section.3.3}% 24
\BOOKMARK [2][-]{subsection.3.3.4}{AnchorManager}{section.3.3}% 25
\BOOKMARK [1][-]{section.3.4}{Evaluierung}{chapter.3}% 26
\BOOKMARK [2][-]{subsection.3.4.1}{Studienablauf}{section.3.4}% 27
\BOOKMARK [2][-]{subsection.3.4.2}{Szenario-Beschreibung}{section.3.4}% 28
\BOOKMARK [0][-]{chapter.4}{Ergebnisse}{}% 29
\BOOKMARK [1][-]{section.4.1}{Priorit\344ten}{chapter.4}% 30
\BOOKMARK [1][-]{section.4.2}{Bewertung der Szenarien}{chapter.4}% 31
\BOOKMARK [0][-]{chapter.5}{Fazit}{}% 32
\BOOKMARK [1][-]{section.5.1}{Zusammenfassung}{chapter.5}% 33
\BOOKMARK [1][-]{section.5.2}{Ausblick}{chapter.5}% 34
\BOOKMARK [0][-]{chapter*.45}{Abbildungsverzeichnis}{}% 35
\BOOKMARK [0][-]{chapter*.46}{Tabellenverzeichnis}{}% 36
\BOOKMARK [0][-]{chapter*.47}{Literatur}{}% 37
