This is pdfTeX, Version 3.14159265-2.6-1.40.20 (MiKTeX 2.9.6960 64-bit) (preloaded format=pdflatex 2019.3.12)  14 MAR 2019 23:27
entering extended mode
**./main.tex
(main.tex
LaTeX2e <2018-12-01>
("D:\Eigene Dateien\Programme\MiKTeX\tex/latex/nag\nag.sty"
Package: nag 2011/11/25 0.7 warning about old commands (ulmi)
\c@nag@c=\count80
\c@nag@sins=\count81
Package nag Info: Loaded nag-l2tabu.cfg  on input line 552.

("D:\Eigene Dateien\Programme\MiKTeX\tex/latex/nag\nag-l2tabu.cfg"
File: nag-l2tabu.cfg 2010/05/17 v2.11 l2tabu rules for nag.sty (ulmi)
)
Package nag Info: Loaded nag-orthodox.cfg  on input line 552.

("D:\Eigene Dateien\Programme\MiKTeX\tex/latex/nag\nag-orthodox.cfg"
File: nag-orthodox.cfg 2006/04/19 v1.8 strict rules for nag.sty (ulmi)
))
("D:\Eigene Dateien\Programme\MiKTeX\tex/latex/koma-script\scrbook.cls"
Document Class: scrbook 2019/02/01 v3.26b KOMA-Script document class (book)
("D:\Eigene Dateien\Programme\MiKTeX\tex/latex/koma-script\scrkbase.sty"
Package: scrkbase 2019/02/01 v3.26b KOMA-Script package (KOMA-Script-dependent 
basics and keyval usage)

("D:\Eigene Dateien\Programme\MiKTeX\tex/latex/koma-script\scrbase.sty"
Package: scrbase 2019/02/01 v3.26b KOMA-Script package (KOMA-Script-independent
 basics and keyval usage)

("D:\Eigene Dateien\Programme\MiKTeX\tex/latex/graphics\keyval.sty"
Package: keyval 2014/10/28 v1.15 key=value parser (DPC)
\KV@toks@=\toks14
)
("D:\Eigene Dateien\Programme\MiKTeX\tex/latex/koma-script\scrlfile.sty"
Package: scrlfile 2019/02/01 v3.26b KOMA-Script package (loading files)
)))
("D:\Eigene Dateien\Programme\MiKTeX\tex/latex/koma-script\tocbasic.sty"
Package: tocbasic 2019/02/01 v3.26b KOMA-Script package (handling toc-files)
\scr@dte@tocline@numberwidth=\skip41
\scr@dte@tocline@numbox=\box27
)
Package tocbasic Info: omitting babel extension for `toc'
(tocbasic)             because of feature `nobabel' available
(tocbasic)             for `toc' on input line 136.
Class scrbook Info: You've used standard option `oneside'.
(scrbook)           This is correct!
(scrbook)           Internally I'm using `twoside=false'.
(scrbook)           If you'd like to set the option with \KOMAoptions,
(scrbook)           you'd have to use `twoside=false' there
(scrbook)           instead of `oneside', too.
Class scrbook Info: File `scrsize11pt.clo' used to setup font sizes on input li
ne 2376.

("D:\Eigene Dateien\Programme\MiKTeX\tex/latex/koma-script\scrsize11pt.clo"
File: scrsize11pt.clo 2019/02/01 v3.26b KOMA-Script font size class option (11p
t)
)
("D:\Eigene Dateien\Programme\MiKTeX\tex/latex/koma-script\typearea.sty"
Package: typearea 2019/02/01 v3.26b KOMA-Script package (type area)
\ta@bcor=\skip42
\ta@div=\count82
Package typearea Info: You've used standard option `oneside'.
(typearea)             This is correct!
(typearea)             Internally I'm using `twoside=false'.
(typearea)             If you'd like to set the option with \KOMAoptions,
(typearea)             you'd have to use `twoside=false' there
(typearea)             instead of `oneside', too.
\ta@hblk=\skip43
\ta@vblk=\skip44
\ta@temp=\skip45
\footheight=\skip46
Package typearea Info: These are the values describing the layout:
(typearea)             DIV  = 10
(typearea)             BCOR = 0.0pt
(typearea)             \paperwidth      = 597.50793pt
(typearea)              \textwidth      = 418.25555pt
(typearea)              DIV departure   = -6%
(typearea)              \evensidemargin = 17.3562pt
(typearea)              \oddsidemargin  = 17.3562pt
(typearea)             \paperheight     = 845.04694pt
(typearea)              \textheight     = 555.00024pt
(typearea)              \topmargin      = 12.2347pt
(typearea)              \headheight     = 17.0pt
(typearea)              \headsep        = 20.40001pt
(typearea)              \topskip        = 11.0pt
(typearea)              \footskip       = 47.6pt
(typearea)              \baselineskip   = 13.6pt
(typearea)              on input line 1715.
)
\c@part=\count83
\c@chapter=\count84
\c@section=\count85
\c@subsection=\count86
\c@subsubsection=\count87
\c@paragraph=\count88
\c@subparagraph=\count89
\scr@dte@chapter@maxnumwidth=\skip47
Class scrbook Info: using compatibility default `afterindent=bysign'
(scrbook)           for `\chapter on input line 5303.
\scr@dte@section@maxnumwidth=\skip48
Class scrbook Info: using compatibility default `runin=bysign'
(scrbook)           for `\section on input line 5313.
Class scrbook Info: using compatibility default `afterindent=bysign'
(scrbook)           for `\section on input line 5313.
\scr@dte@part@maxnumwidth=\skip49
Class scrbook Info: using compatibility default `afterindent=true'
(scrbook)           for `\part on input line 5322.
\scr@dte@subsection@maxnumwidth=\skip50
Class scrbook Info: using compatibility default `runin=bysign'
(scrbook)           for `\subsection on input line 5332.
Class scrbook Info: using compatibility default `afterindent=bysign'
(scrbook)           for `\subsection on input line 5332.
\scr@dte@subsubsection@maxnumwidth=\skip51
Class scrbook Info: using compatibility default `runin=bysign'
(scrbook)           for `\subsubsection on input line 5342.
Class scrbook Info: using compatibility default `afterindent=bysign'
(scrbook)           for `\subsubsection on input line 5342.
\scr@dte@paragraph@maxnumwidth=\skip52
Class scrbook Info: using compatibility default `runin=bysign'
(scrbook)           for `\paragraph on input line 5352.
Class scrbook Info: using compatibility default `afterindent=bysign'
(scrbook)           for `\paragraph on input line 5352.
\scr@dte@subparagraph@maxnumwidth=\skip53
Class scrbook Info: using compatibility default `runin=bysign'
(scrbook)           for `\subparagraph on input line 5362.
Class scrbook Info: using compatibility default `afterindent=bysign'
(scrbook)           for `\subparagraph on input line 5362.
\abovecaptionskip=\skip54
\belowcaptionskip=\skip55
\c@pti@nb@sid@b@x=\box28
Package tocbasic Info: omitting babel extension for `lof'
(tocbasic)             because of feature `nobabel' available
(tocbasic)             for `lof' on input line 6617.
\scr@dte@figure@maxnumwidth=\skip56
\c@figure=\count90
Package tocbasic Info: omitting babel extension for `lot'
(tocbasic)             because of feature `nobabel' available
(tocbasic)             for `lot' on input line 6638.
\scr@dte@table@maxnumwidth=\skip57
\c@table=\count91
Class scrbook Info: Redefining `\numberline' on input line 6811.
\bibindent=\dimen102
)
(settings.tex ("D:\Eigene Dateien\Programme\MiKTeX\tex/latex/base\inputenc.sty"
Package: inputenc 2018/08/11 v1.3c Input encoding file
\inpenc@prehook=\toks15
\inpenc@posthook=\toks16
) ("D:\Eigene Dateien\Programme\MiKTeX\tex/latex/base\fontenc.sty"
Package: fontenc 2018/08/11 v2.0j Standard LaTeX package

("D:\Eigene Dateien\Programme\MiKTeX\tex/latex/base\t1enc.def"
File: t1enc.def 2018/08/11 v2.0j Standard LaTeX file
LaTeX Font Info:    Redeclaring font encoding T1 on input line 48.
))
("D:\Eigene Dateien\Programme\MiKTeX\tex/latex/psnfss\mathpazo.sty"
Package: mathpazo 2005/04/12 PSNFSS-v9.2a Palatino w/ Pazo Math (D.Puga, WaS) 
\symupright=\mathgroup4
)
("D:\Eigene Dateien\Programme\MiKTeX\tex/generic/babel\babel.sty"
Package: babel 2018/11/13 3.27 The Babel package

("D:\Eigene Dateien\Programme\MiKTeX\tex/generic/babel\switch.def"
File: switch.def 2018/11/13 3.27 Babel switching mechanism
)
*************************************
* Local config file bblopts.cfg used
*
("D:\Eigene Dateien\Programme\MiKTeX\tex/latex/arabi\bblopts.cfg"
File: bblopts.cfg 2005/09/08 v0.1 add Arabic and Farsi to "declared" options of
 babel
)
("D:\Eigene Dateien\Programme\MiKTeX\tex/latex/babel-german\ngerman.ldf"
Language: ngerman 2018/12/08 v2.11 German support for babel (post-1996 orthogra
phy)

("D:\Eigene Dateien\Programme\MiKTeX\tex/latex/babel-german\ngermanb.ldf"
Language: ngermanb 2018/12/08 v2.11 German support for babel (post-1996 orthogr
aphy)

("D:\Eigene Dateien\Programme\MiKTeX\tex/generic/babel\babel.def"
File: babel.def 2018/11/13 3.27 Babel common definitions
\babel@savecnt=\count92
\U@D=\dimen103

("D:\Eigene Dateien\Programme\MiKTeX\tex/generic/babel\txtbabel.def")
\bbl@dirlevel=\count93
)
Package babel Info: Making " an active character on input line 121.
))
("D:\Eigene Dateien\Programme\MiKTeX\tex/latex/babel-english\english.ldf"
Language: english 2017/06/06 v3.3r English support from the babel system
\l@canadian = a dialect from \language\l@american 
\l@australian = a dialect from \language\l@british 
\l@newzealand = a dialect from \language\l@british 
))
("D:\Eigene Dateien\Programme\MiKTeX\tex/latex/csquotes\csquotes.sty"
Package: csquotes 2018/04/13 v5.2d context-sensitive quotations (JAW)

("D:\Eigene Dateien\Programme\MiKTeX\tex/latex/etoolbox\etoolbox.sty"
Package: etoolbox 2018/08/19 v2.5f e-TeX tools for LaTeX (JAW)
\etb@tempcnta=\count94
)
\csq@reset=\count95
\csq@gtype=\count96
\csq@glevel=\count97
\csq@qlevel=\count98
\csq@maxlvl=\count99
\csq@tshold=\count100
\csq@ltx@everypar=\toks17

("D:\Eigene Dateien\Programme\MiKTeX\tex/latex/csquotes\csquotes.def"
File: csquotes.def 2018/04/13 v5.2d csquotes generic definitions (JAW)
)
Package csquotes Info: Trying to load configuration file 'csquotes.cfg'...
Package csquotes Info: ... configuration file loaded successfully.

("D:\Eigene Dateien\Programme\MiKTeX\tex/latex/csquotes\csquotes.cfg"
File: csquotes.cfg 
)
Package csquotes Info: Enabling multilingual quotes.
)
("D:\Eigene Dateien\Programme\MiKTeX\tex/latex/biblatex\biblatex.sty"
Package: biblatex 2018/11/02 v3.12 programmable bibliographies (PK/MW)

("D:\Eigene Dateien\Programme\MiKTeX\tex/generic/oberdiek\pdftexcmds.sty"
Package: pdftexcmds 2018/09/10 v0.29 Utility functions of pdfTeX for LuaTeX (HO
)

("D:\Eigene Dateien\Programme\MiKTeX\tex/generic/oberdiek\infwarerr.sty"
Package: infwarerr 2016/05/16 v1.4 Providing info/warning/error messages (HO)
)
("D:\Eigene Dateien\Programme\MiKTeX\tex/generic/oberdiek\ifluatex.sty"
Package: ifluatex 2016/05/16 v1.4 Provides the ifluatex switch (HO)
Package ifluatex Info: LuaTeX not detected.
)
("D:\Eigene Dateien\Programme\MiKTeX\tex/generic/oberdiek\ltxcmds.sty"
Package: ltxcmds 2016/05/16 v1.23 LaTeX kernel commands for general use (HO)
)
("D:\Eigene Dateien\Programme\MiKTeX\tex/generic/oberdiek\ifpdf.sty"
Package: ifpdf 2018/09/07 v3.3 Provides the ifpdf switch
)
Package pdftexcmds Info: LuaTeX not detected.
Package pdftexcmds Info: \pdf@primitive is available.
Package pdftexcmds Info: \pdf@ifprimitive is available.
Package pdftexcmds Info: \pdfdraftmode found.
)
("D:\Eigene Dateien\Programme\MiKTeX\tex/latex/oberdiek\kvoptions.sty"
Package: kvoptions 2016/05/16 v3.12 Key value format for package options (HO)

("D:\Eigene Dateien\Programme\MiKTeX\tex/generic/oberdiek\kvsetkeys.sty"
Package: kvsetkeys 2016/05/16 v1.17 Key value parser (HO)

("D:\Eigene Dateien\Programme\MiKTeX\tex/generic/oberdiek\etexcmds.sty"
Package: etexcmds 2016/05/16 v1.6 Avoid name clashes with e-TeX commands (HO)
)))
("D:\Eigene Dateien\Programme\MiKTeX\tex/latex/logreq\logreq.sty"
Package: logreq 2010/08/04 v1.0 xml request logger
\lrq@indent=\count101

("D:\Eigene Dateien\Programme\MiKTeX\tex/latex/logreq\logreq.def"
File: logreq.def 2010/08/04 v1.0 logreq spec v1.0
))
("D:\Eigene Dateien\Programme\MiKTeX\tex/latex/base\ifthen.sty"
Package: ifthen 2014/09/29 v1.1c Standard LaTeX ifthen package (DPC)
)
("D:\Eigene Dateien\Programme\MiKTeX\tex/latex/url\url.sty"
\Urlmuskip=\muskip10
Package: url 2013/09/16  ver 3.4  Verb mode for urls, etc.
)
\c@tabx@nest=\count102
\c@listtotal=\count103
\c@listcount=\count104
\c@liststart=\count105
\c@liststop=\count106
\c@citecount=\count107
\c@citetotal=\count108
\c@multicitecount=\count109
\c@multicitetotal=\count110
\c@instcount=\count111
\c@maxnames=\count112
\c@minnames=\count113
\c@maxitems=\count114
\c@minitems=\count115
\c@citecounter=\count116
\c@maxcitecounter=\count117
\c@savedcitecounter=\count118
\c@uniquelist=\count119
\c@uniquename=\count120
\c@refsection=\count121
\c@refsegment=\count122
\c@maxextratitle=\count123
\c@maxextratitleyear=\count124
\c@maxextraname=\count125
\c@maxextradate=\count126
\c@maxextraalpha=\count127
\c@abbrvpenalty=\count128
\c@highnamepenalty=\count129
\c@lownamepenalty=\count130
\c@maxparens=\count131
\c@parenlevel=\count132
\blx@tempcnta=\count133
\blx@tempcntb=\count134
\blx@tempcntc=\count135
\blx@maxsection=\count136
\blx@maxsegment@0=\count137
\blx@notetype=\count138
\blx@parenlevel@text=\count139
\blx@parenlevel@foot=\count140
\blx@sectionciteorder@0=\count141
\blx@entrysetcounter=\count142
\labelnumberwidth=\skip58
\labelalphawidth=\skip59
\biblabelsep=\skip60
\bibitemsep=\skip61
\bibnamesep=\skip62
\bibinitsep=\skip63
\bibparsep=\skip64
\bibhang=\skip65
\blx@bcfin=\read1
\blx@bcfout=\write3
\c@mincomprange=\count143
\c@maxcomprange=\count144
\c@mincompwidth=\count145
Package biblatex Info: Trying to load biblatex default data model...
Package biblatex Info: ... file 'blx-dm.def' found.

("D:\Eigene Dateien\Programme\MiKTeX\tex/latex/biblatex\blx-dm.def"
File: blx-dm.def 2018/11/02 v3.12 biblatex localization (PK/MW)
)
Package biblatex Info: Trying to load biblatex style data model...
Package biblatex Info: ... file 'numeric.dbx' not found.
Package biblatex Info: Trying to load biblatex custom data model...
Package biblatex Info: ... file 'biblatex-dm.cfg' not found.
\c@afterword=\count146
\c@savedafterword=\count147
\c@annotator=\count148
\c@savedannotator=\count149
\c@author=\count150
\c@savedauthor=\count151
\c@bookauthor=\count152
\c@savedbookauthor=\count153
\c@commentator=\count154
\c@savedcommentator=\count155
\c@editor=\count156
\c@savededitor=\count157
\c@editora=\count158
\c@savededitora=\count159
\c@editorb=\count160
\c@savededitorb=\count161
\c@editorc=\count162
\c@savededitorc=\count163
\c@foreword=\count164
\c@savedforeword=\count165
\c@holder=\count166
\c@savedholder=\count167
\c@introduction=\count168
\c@savedintroduction=\count169
\c@namea=\count170
\c@savednamea=\count171
\c@nameb=\count172
\c@savednameb=\count173
\c@namec=\count174
\c@savednamec=\count175
\c@translator=\count176
\c@savedtranslator=\count177
\c@shortauthor=\count178
\c@savedshortauthor=\count179
\c@shorteditor=\count180
\c@savedshorteditor=\count181
\c@labelname=\count182
\c@savedlabelname=\count183
\c@institution=\count184
\c@savedinstitution=\count185
\c@lista=\count186
\c@savedlista=\count187
\c@listb=\count188
\c@savedlistb=\count189
\c@listc=\count190
\c@savedlistc=\count191
\c@listd=\count192
\c@savedlistd=\count193
\c@liste=\count194
\c@savedliste=\count195
\c@listf=\count196
\c@savedlistf=\count197
\c@location=\count198
\c@savedlocation=\count199
\c@organization=\count266
\c@savedorganization=\count267
\c@origlocation=\count268
\c@savedoriglocation=\count269
\c@origpublisher=\count270
\c@savedorigpublisher=\count271
\c@publisher=\count272
\c@savedpublisher=\count273
\c@language=\count274
\c@savedlanguage=\count275
\c@origlanguage=\count276
\c@savedoriglanguage=\count277
\c@pageref=\count278
\c@savedpageref=\count279
\shorthandwidth=\skip66
\shortjournalwidth=\skip67
\shortserieswidth=\skip68
\shorttitlewidth=\skip69
\shortauthorwidth=\skip70
\shorteditorwidth=\skip71
\locallabelnumberwidth=\skip72
\locallabelalphawidth=\skip73
\localshorthandwidth=\skip74
\localshortjournalwidth=\skip75
\localshortserieswidth=\skip76
\localshorttitlewidth=\skip77
\localshortauthorwidth=\skip78
\localshorteditorwidth=\skip79
Package biblatex Info: Trying to load compatibility code...
Package biblatex Info: ... file 'blx-compat.def' found.

("D:\Eigene Dateien\Programme\MiKTeX\tex/latex/biblatex\blx-compat.def"
File: blx-compat.def 2018/11/02 v3.12 biblatex compatibility (PK/MW)
)
Package biblatex Info: Trying to load generic definitions...
Package biblatex Info: ... file 'biblatex.def' found.

("D:\Eigene Dateien\Programme\MiKTeX\tex/latex/biblatex\biblatex.def"
File: biblatex.def 2018/11/02 v3.12 biblatex compatibility (PK/MW)
\c@textcitecount=\count280
\c@textcitetotal=\count281
\c@textcitemaxnames=\count282
\c@biburlnumpenalty=\count283
\c@biburlucpenalty=\count284
\c@biburllcpenalty=\count285
\c@smartand=\count286
)
Package biblatex Info: Trying to load bibliography style 'numeric'...
Package biblatex Info: ... file 'numeric.bbx' found.

("D:\Eigene Dateien\Programme\MiKTeX\tex/latex/biblatex/bbx\numeric.bbx"
File: numeric.bbx 2018/11/02 v3.12 biblatex bibliography style (PK/MW)
Package biblatex Info: Trying to load bibliography style 'standard'...
Package biblatex Info: ... file 'standard.bbx' found.

("D:\Eigene Dateien\Programme\MiKTeX\tex/latex/biblatex/bbx\standard.bbx"
File: standard.bbx 2018/11/02 v3.12 biblatex bibliography style (PK/MW)
\c@bbx:relatedcount=\count287
\c@bbx:relatedtotal=\count288
))
Package biblatex Info: Trying to load citation style 'numeric'...
Package biblatex Info: ... file 'numeric.cbx' found.

("D:\Eigene Dateien\Programme\MiKTeX\tex/latex/biblatex/cbx\numeric.cbx"
File: numeric.cbx 2018/11/02 v3.12 biblatex citation style (PK/MW)
Package biblatex Info: Redefining '\cite'.
Package biblatex Info: Redefining '\parencite'.
Package biblatex Info: Redefining '\footcite'.
Package biblatex Info: Redefining '\footcitetext'.
Package biblatex Info: Redefining '\smartcite'.
Package biblatex Info: Redefining '\supercite'.
Package biblatex Info: Redefining '\textcite'.
Package biblatex Info: Redefining '\textcites'.
Package biblatex Info: Redefining '\cites'.
Package biblatex Info: Redefining '\parencites'.
Package biblatex Info: Redefining '\smartcites'.
)
Package biblatex Info: Trying to load configuration file...
Package biblatex Info: ... file 'biblatex.cfg' found.

("D:\Eigene Dateien\Programme\MiKTeX\tex/latex/biblatex\biblatex.cfg"
File: biblatex.cfg 
))
("D:\Eigene Dateien\Programme\MiKTeX\tex/latex/graphics\graphicx.sty"
Package: graphicx 2017/06/01 v1.1a Enhanced LaTeX Graphics (DPC,SPQR)

("D:\Eigene Dateien\Programme\MiKTeX\tex/latex/graphics\graphics.sty"
Package: graphics 2017/06/25 v1.2c Standard LaTeX Graphics (DPC,SPQR)

("D:\Eigene Dateien\Programme\MiKTeX\tex/latex/graphics\trig.sty"
Package: trig 2016/01/03 v1.10 sin cos tan (DPC)
)
("D:\Eigene Dateien\Programme\MiKTeX\tex/latex/graphics-cfg\graphics.cfg"
File: graphics.cfg 2016/06/04 v1.11 sample graphics configuration
)
Package graphics Info: Driver file: pdftex.def on input line 99.

("D:\Eigene Dateien\Programme\MiKTeX\tex/latex/graphics-def\pdftex.def"
File: pdftex.def 2018/01/08 v1.0l Graphics/color driver for pdftex
))
\Gin@req@height=\dimen104
\Gin@req@width=\dimen105
)
("D:\Eigene Dateien\Programme\MiKTeX\tex/latex/koma-script\scrhack.sty"
Package: scrhack 2019/02/01 v3.26b KOMA-Script package 

("D:\Eigene Dateien\Programme\MiKTeX\tex/latex/xpatch\xpatch.sty"
("D:\Eigene Dateien\Programme\MiKTeX\tex/latex/l3kernel\expl3.sty"
Package: expl3 2019-03-05 L3 programming layer (loader) 

("D:\Eigene Dateien\Programme\MiKTeX\tex/latex/l3kernel\expl3-code.tex"
Package: expl3 2019-03-05 L3 programming layer (code)
\c_max_int=\count289
\l_tmpa_int=\count290
\l_tmpb_int=\count291
\g_tmpa_int=\count292
\g_tmpb_int=\count293
\g__kernel_prg_map_int=\count294
\c_log_iow=\count295
\l_iow_line_count_int=\count296
\l__iow_line_target_int=\count297
\l__iow_one_indent_int=\count298
\l__iow_indent_int=\count299
\c_zero_dim=\dimen106
\c_max_dim=\dimen107
\l_tmpa_dim=\dimen108
\l_tmpb_dim=\dimen109
\g_tmpa_dim=\dimen110
\g_tmpb_dim=\dimen111
\c_zero_skip=\skip80
\c_max_skip=\skip81
\l_tmpa_skip=\skip82
\l_tmpb_skip=\skip83
\g_tmpa_skip=\skip84
\g_tmpb_skip=\skip85
\c_zero_muskip=\muskip11
\c_max_muskip=\muskip12
\l_tmpa_muskip=\muskip13
\l_tmpb_muskip=\muskip14
\g_tmpa_muskip=\muskip15
\g_tmpb_muskip=\muskip16
\l_keys_choice_int=\count300
\l__intarray_loop_int=\count301
\c__intarray_sp_dim=\dimen112
\g__intarray_font_int=\count302
\c__fp_leading_shift_int=\count303
\c__fp_middle_shift_int=\count304
\c__fp_trailing_shift_int=\count305
\c__fp_big_leading_shift_int=\count306
\c__fp_big_middle_shift_int=\count307
\c__fp_big_trailing_shift_int=\count308
\c__fp_Bigg_leading_shift_int=\count309
\c__fp_Bigg_middle_shift_int=\count310
\c__fp_Bigg_trailing_shift_int=\count311
\c__kernel_randint_max_int=\count312
\g__fp_array_int=\count313
\l__fp_array_loop_int=\count314
\l__sort_length_int=\count315
\l__sort_min_int=\count316
\l__sort_top_int=\count317
\l__sort_max_int=\count318
\l__sort_true_max_int=\count319
\l__sort_block_int=\count320
\l__sort_begin_int=\count321
\l__sort_end_int=\count322
\l__sort_A_int=\count323
\l__sort_B_int=\count324
\l__sort_C_int=\count325
\l__tl_analysis_normal_int=\count326
\l__tl_analysis_index_int=\count327
\l__tl_analysis_nesting_int=\count328
\l__tl_analysis_type_int=\count329
\l__regex_internal_a_int=\count330
\l__regex_internal_b_int=\count331
\l__regex_internal_c_int=\count332
\l__regex_balance_int=\count333
\l__regex_group_level_int=\count334
\l__regex_mode_int=\count335
\c__regex_cs_in_class_mode_int=\count336
\c__regex_cs_mode_int=\count337
\l__regex_catcodes_int=\count338
\l__regex_default_catcodes_int=\count339
\c__regex_catcode_D_int=\count340
\c__regex_catcode_S_int=\count341
\c__regex_catcode_L_int=\count342
\c__regex_catcode_O_int=\count343
\c__regex_catcode_A_int=\count344
\c__regex_all_catcodes_int=\count345
\l__regex_show_lines_int=\count346
\l__regex_min_state_int=\count347
\l__regex_max_state_int=\count348
\l__regex_left_state_int=\count349
\l__regex_right_state_int=\count350
\l__regex_capturing_group_int=\count351
\l__regex_min_pos_int=\count352
\l__regex_max_pos_int=\count353
\l__regex_curr_pos_int=\count354
\l__regex_start_pos_int=\count355
\l__regex_success_pos_int=\count356
\l__regex_curr_char_int=\count357
\l__regex_curr_catcode_int=\count358
\l__regex_last_char_int=\count359
\l__regex_case_changed_char_int=\count360
\l__regex_curr_state_int=\count361
\l__regex_step_int=\count362
\l__regex_min_active_int=\count363
\l__regex_max_active_int=\count364
\l__regex_replacement_csnames_int=\count365
\l__regex_match_count_int=\count366
\l__regex_min_submatch_int=\count367
\l__regex_submatch_int=\count368
\l__regex_zeroth_submatch_int=\count369
\g__regex_trace_regex_int=\count370
\c_empty_box=\box29
\l_tmpa_box=\box30
\l_tmpb_box=\box31
\g_tmpa_box=\box32
\g_tmpb_box=\box33
\l__box_top_dim=\dimen113
\l__box_bottom_dim=\dimen114
\l__box_left_dim=\dimen115
\l__box_right_dim=\dimen116
\l__box_top_new_dim=\dimen117
\l__box_bottom_new_dim=\dimen118
\l__box_left_new_dim=\dimen119
\l__box_right_new_dim=\dimen120
\l__box_internal_box=\box34
\l__coffin_internal_box=\box35
\l__coffin_internal_dim=\dimen121
\l__coffin_offset_x_dim=\dimen122
\l__coffin_offset_y_dim=\dimen123
\l__coffin_x_dim=\dimen124
\l__coffin_y_dim=\dimen125
\l__coffin_x_prime_dim=\dimen126
\l__coffin_y_prime_dim=\dimen127
\c_empty_coffin=\box36
\l__coffin_aligned_coffin=\box37
\l__coffin_aligned_internal_coffin=\box38
\l_tmpa_coffin=\box39
\l_tmpb_coffin=\box40
\g_tmpa_coffin=\box41
\g_tmpb_coffin=\box42
\l__coffin_bounding_shift_dim=\dimen128
\l__coffin_left_corner_dim=\dimen129
\l__coffin_right_corner_dim=\dimen130
\l__coffin_bottom_corner_dim=\dimen131
\l__coffin_top_corner_dim=\dimen132
\l__coffin_scaled_total_height_dim=\dimen133
\l__coffin_scaled_width_dim=\dimen134
\c__coffin_empty_coffin=\box43
\l__coffin_display_coffin=\box44
\l__coffin_display_coord_coffin=\box45
\l__coffin_display_pole_coffin=\box46
\l__coffin_display_offset_dim=\dimen135
\l__coffin_display_x_dim=\dimen136
\l__coffin_display_y_dim=\dimen137
\g__file_internal_ior=\read2
\l__seq_internal_a_int=\count371
\l__seq_internal_b_int=\count372
\c__deprecation_minus_one=\count373
)
("D:\Eigene Dateien\Programme\MiKTeX\tex/latex/l3kernel\l3pdfmode.def"
File: l3pdfmode.def 2019-03-05 v L3 Experimental driver: PDF mode
\l__driver_color_stack_int=\count374
))
Package: xpatch 2012/10/02 v0.3 Extending etoolbox patching commands

("D:\Eigene Dateien\Programme\MiKTeX\tex/latex/l3packages/xparse\xparse.sty"
Package: xparse 2019-03-05 L3 Experimental document command parser
\l__xparse_current_arg_int=\count375
\g__xparse_grabber_int=\count376
\l__xparse_m_args_int=\count377
\l__xparse_v_nesting_int=\count378
))) ("D:\Eigene Dateien\Programme\MiKTeX\tex/latex/listings\listings.sty"
\lst@mode=\count379
\lst@gtempboxa=\box47
\lst@token=\toks18
\lst@length=\count380
\lst@currlwidth=\dimen138
\lst@column=\count381
\lst@pos=\count382
\lst@lostspace=\dimen139
\lst@width=\dimen140
\lst@newlines=\count383
\lst@lineno=\count384
\lst@maxwidth=\dimen141

("D:\Eigene Dateien\Programme\MiKTeX\tex/latex/listings\lstmisc.sty"
File: lstmisc.sty 2019/02/27 1.8b (Carsten Heinz)
\c@lstnumber=\count385
\lst@skipnumbers=\count386
\lst@framebox=\box48
)
("D:\Eigene Dateien\Programme\MiKTeX\tex/latex/listings\listings.cfg"
File: listings.cfg 2019/02/27 1.8b listings configuration
))
Package scrhack Info: loading listings hack on input line 21.

("D:\Eigene Dateien\Programme\MiKTeX\tex/latex/koma-script\listings.hak"
File: listings.hak 2019/02/01 v3.26b KOMA-Script package (hacking package listi
ngs)
Package tocbasic Info: setting babel extension for `lol' on input line 137.
Package scrhack Info: redefining \lstlistoflistings on input line 137.
)
Package: listings 2019/02/27 1.8b (Carsten Heinz)

("D:\Eigene Dateien\Programme\MiKTeX\tex/latex/lstaddons\lstautogobble.sty"
Package: lstautogobble 2012/05/03 v0.1 Implements 'autogobble' option for 'list
ings'
\lstag@spacecount=\count387
)
("D:\Eigene Dateien\Programme\MiKTeX\tex/latex/pgf/frontendlayer\tikz.sty"
("D:\Eigene Dateien\Programme\MiKTeX\tex/latex/pgf/basiclayer\pgf.sty"
("D:\Eigene Dateien\Programme\MiKTeX\tex/latex/pgf/utilities\pgfrcs.sty"
("D:\Eigene Dateien\Programme\MiKTeX\tex/generic/pgf/utilities\pgfutil-common.t
ex"
\pgfutil@everybye=\toks19
\pgfutil@tempdima=\dimen142
\pgfutil@tempdimb=\dimen143

("D:\Eigene Dateien\Programme\MiKTeX\tex/generic/pgf/utilities\pgfutil-common-l
ists.tex"))
("D:\Eigene Dateien\Programme\MiKTeX\tex/generic/pgf/utilities\pgfutil-latex.de
f"
\pgfutil@abb=\box49
 ("D:\Eigene Dateien\Programme\MiKTeX\tex/latex/ms\everyshi.sty"
Package: everyshi 2001/05/15 v3.00 EveryShipout Package (MS)
))
("D:\Eigene Dateien\Programme\MiKTeX\tex/generic/pgf/utilities\pgfrcs.code.tex"
("D:\Eigene Dateien\Programme\MiKTeX\tex/generic/pgf\pgf.revision.tex")
Package: pgfrcs 2019/02/02 v3.1.1 (3.1.1)
))
Package: pgf 2019/02/02 v3.1.1 (3.1.1)

("D:\Eigene Dateien\Programme\MiKTeX\tex/latex/pgf/basiclayer\pgfcore.sty"
("D:\Eigene Dateien\Programme\MiKTeX\tex/latex/pgf/systemlayer\pgfsys.sty"
("D:\Eigene Dateien\Programme\MiKTeX\tex/generic/pgf/systemlayer\pgfsys.code.te
x"
Package: pgfsys 2019/02/02 v3.1.1 (3.1.1)

("D:\Eigene Dateien\Programme\MiKTeX\tex/generic/pgf/utilities\pgfkeys.code.tex
"
\pgfkeys@pathtoks=\toks20
\pgfkeys@temptoks=\toks21

("D:\Eigene Dateien\Programme\MiKTeX\tex/generic/pgf/utilities\pgfkeysfiltered.
code.tex"
\pgfkeys@tmptoks=\toks22
))
\pgf@x=\dimen144
\pgf@y=\dimen145
\pgf@xa=\dimen146
\pgf@ya=\dimen147
\pgf@xb=\dimen148
\pgf@yb=\dimen149
\pgf@xc=\dimen150
\pgf@yc=\dimen151
\w@pgf@writea=\write4
\r@pgf@reada=\read3
\c@pgf@counta=\count388
\c@pgf@countb=\count389
\c@pgf@countc=\count390
\c@pgf@countd=\count391
\t@pgf@toka=\toks23
\t@pgf@tokb=\toks24
\t@pgf@tokc=\toks25
\pgf@sys@id@count=\count392

("D:\Eigene Dateien\Programme\MiKTeX\tex/generic/pgf/systemlayer\pgf.cfg"
File: pgf.cfg 2019/02/02 v3.1.1 (3.1.1)
)
Driver file for pgf: pgfsys-pdftex.def

("D:\Eigene Dateien\Programme\MiKTeX\tex/generic/pgf/systemlayer\pgfsys-pdftex.
def"
File: pgfsys-pdftex.def 2019/02/02 v3.1.1 (3.1.1)

("D:\Eigene Dateien\Programme\MiKTeX\tex/generic/pgf/systemlayer\pgfsys-common-
pdf.def"
File: pgfsys-common-pdf.def 2019/02/02 v3.1.1 (3.1.1)
)))
("D:\Eigene Dateien\Programme\MiKTeX\tex/generic/pgf/systemlayer\pgfsyssoftpath
.code.tex"
File: pgfsyssoftpath.code.tex 2019/02/02 v3.1.1 (3.1.1)
\pgfsyssoftpath@smallbuffer@items=\count393
\pgfsyssoftpath@bigbuffer@items=\count394
)
("D:\Eigene Dateien\Programme\MiKTeX\tex/generic/pgf/systemlayer\pgfsysprotocol
.code.tex"
File: pgfsysprotocol.code.tex 2019/02/02 v3.1.1 (3.1.1)
)) ("D:\Eigene Dateien\Programme\MiKTeX\tex/latex/xcolor\xcolor.sty"
Package: xcolor 2016/05/11 v2.12 LaTeX color extensions (UK)

("D:\Eigene Dateien\Programme\MiKTeX\tex/latex/graphics-cfg\color.cfg"
File: color.cfg 2016/01/02 v1.6 sample color configuration
)
Package xcolor Info: Driver file: pdftex.def on input line 225.

("D:\Eigene Dateien\Programme\MiKTeX\tex/latex/colortbl\colortbl.sty"
Package: colortbl 2018/12/12 v1.0d Color table columns (DPC)

("D:\Eigene Dateien\Programme\MiKTeX\tex/latex/tools\array.sty"
Package: array 2018/12/30 v2.4k Tabular extension package (FMi)
\col@sep=\dimen152
\ar@mcellbox=\box50
\extrarowheight=\dimen153
\NC@list=\toks26
\extratabsurround=\skip86
\backup@length=\skip87
\ar@cellbox=\box51
)
\everycr=\toks27
\minrowclearance=\skip88
)
\rownum=\count395
Package xcolor Info: Model `cmy' substituted by `cmy0' on input line 1348.
Package xcolor Info: Model `hsb' substituted by `rgb' on input line 1352.
Package xcolor Info: Model `RGB' extended on input line 1364.
Package xcolor Info: Model `HTML' substituted by `rgb' on input line 1366.
Package xcolor Info: Model `Hsb' substituted by `hsb' on input line 1367.
Package xcolor Info: Model `tHsb' substituted by `hsb' on input line 1368.
Package xcolor Info: Model `HSB' substituted by `hsb' on input line 1369.
Package xcolor Info: Model `Gray' substituted by `gray' on input line 1370.
Package xcolor Info: Model `wave' substituted by `hsb' on input line 1371.

("D:\Eigene Dateien\Programme\MiKTeX\tex/latex/graphics\dvipsnam.def"
File: dvipsnam.def 2016/06/17 v3.0m Driver-dependent file (DPC,SPQR)
)
("D:\Eigene Dateien\Programme\MiKTeX\tex/latex/xcolor\svgnam.def"
File: svgnam.def 2016/05/11 v2.12 Predefined colors according to SVG 1.1 (UK)
))
("D:\Eigene Dateien\Programme\MiKTeX\tex/generic/pgf/basiclayer\pgfcore.code.te
x"
Package: pgfcore 2019/02/02 v3.1.1 (3.1.1)
 ("D:\Eigene Dateien\Programme\MiKTeX\tex/generic/pgf/math\pgfmath.code.tex"
("D:\Eigene Dateien\Programme\MiKTeX\tex/generic/pgf/math\pgfmathcalc.code.tex"
("D:\Eigene Dateien\Programme\MiKTeX\tex/generic/pgf/math\pgfmathutil.code.tex"
)
("D:\Eigene Dateien\Programme\MiKTeX\tex/generic/pgf/math\pgfmathparser.code.te
x"
\pgfmath@dimen=\dimen154
\pgfmath@count=\count396
\pgfmath@box=\box52
\pgfmath@toks=\toks28
\pgfmath@stack@operand=\toks29
\pgfmath@stack@operation=\toks30
)
("D:\Eigene Dateien\Programme\MiKTeX\tex/generic/pgf/math\pgfmathfunctions.code
.tex"
("D:\Eigene Dateien\Programme\MiKTeX\tex/generic/pgf/math\pgfmathfunctions.basi
c.code.tex")
("D:\Eigene Dateien\Programme\MiKTeX\tex/generic/pgf/math\pgfmathfunctions.trig
onometric.code.tex")
("D:\Eigene Dateien\Programme\MiKTeX\tex/generic/pgf/math\pgfmathfunctions.rand
om.code.tex")
("D:\Eigene Dateien\Programme\MiKTeX\tex/generic/pgf/math\pgfmathfunctions.comp
arison.code.tex")
("D:\Eigene Dateien\Programme\MiKTeX\tex/generic/pgf/math\pgfmathfunctions.base
.code.tex")
("D:\Eigene Dateien\Programme\MiKTeX\tex/generic/pgf/math\pgfmathfunctions.roun
d.code.tex")
("D:\Eigene Dateien\Programme\MiKTeX\tex/generic/pgf/math\pgfmathfunctions.misc
.code.tex")
("D:\Eigene Dateien\Programme\MiKTeX\tex/generic/pgf/math\pgfmathfunctions.inte
gerarithmetics.code.tex")))
("D:\Eigene Dateien\Programme\MiKTeX\tex/generic/pgf/math\pgfmathfloat.code.tex
"
\c@pgfmathroundto@lastzeros=\count397
))
("D:\Eigene Dateien\Programme\MiKTeX\tex/generic/pgf/basiclayer\pgfcorepoints.c
ode.tex"
File: pgfcorepoints.code.tex 2019/02/02 v3.1.1 (3.1.1)
\pgf@picminx=\dimen155
\pgf@picmaxx=\dimen156
\pgf@picminy=\dimen157
\pgf@picmaxy=\dimen158
\pgf@pathminx=\dimen159
\pgf@pathmaxx=\dimen160
\pgf@pathminy=\dimen161
\pgf@pathmaxy=\dimen162
\pgf@xx=\dimen163
\pgf@xy=\dimen164
\pgf@yx=\dimen165
\pgf@yy=\dimen166
\pgf@zx=\dimen167
\pgf@zy=\dimen168
)
("D:\Eigene Dateien\Programme\MiKTeX\tex/generic/pgf/basiclayer\pgfcorepathcons
truct.code.tex"
File: pgfcorepathconstruct.code.tex 2019/02/02 v3.1.1 (3.1.1)
\pgf@path@lastx=\dimen169
\pgf@path@lasty=\dimen170
)
("D:\Eigene Dateien\Programme\MiKTeX\tex/generic/pgf/basiclayer\pgfcorepathusag
e.code.tex"
File: pgfcorepathusage.code.tex 2019/02/02 v3.1.1 (3.1.1)
\pgf@shorten@end@additional=\dimen171
\pgf@shorten@start@additional=\dimen172
)
("D:\Eigene Dateien\Programme\MiKTeX\tex/generic/pgf/basiclayer\pgfcorescopes.c
ode.tex"
File: pgfcorescopes.code.tex 2019/02/02 v3.1.1 (3.1.1)
\pgfpic=\box53
\pgf@hbox=\box54
\pgf@layerbox@main=\box55
\pgf@picture@serial@count=\count398
)
("D:\Eigene Dateien\Programme\MiKTeX\tex/generic/pgf/basiclayer\pgfcoregraphics
tate.code.tex"
File: pgfcoregraphicstate.code.tex 2019/02/02 v3.1.1 (3.1.1)
\pgflinewidth=\dimen173
)
("D:\Eigene Dateien\Programme\MiKTeX\tex/generic/pgf/basiclayer\pgfcoretransfor
mations.code.tex"
File: pgfcoretransformations.code.tex 2019/02/02 v3.1.1 (3.1.1)
\pgf@pt@x=\dimen174
\pgf@pt@y=\dimen175
\pgf@pt@temp=\dimen176
)
("D:\Eigene Dateien\Programme\MiKTeX\tex/generic/pgf/basiclayer\pgfcorequick.co
de.tex"
File: pgfcorequick.code.tex 2019/02/02 v3.1.1 (3.1.1)
)
("D:\Eigene Dateien\Programme\MiKTeX\tex/generic/pgf/basiclayer\pgfcoreobjects.
code.tex"
File: pgfcoreobjects.code.tex 2019/02/02 v3.1.1 (3.1.1)
)
("D:\Eigene Dateien\Programme\MiKTeX\tex/generic/pgf/basiclayer\pgfcorepathproc
essing.code.tex"
File: pgfcorepathprocessing.code.tex 2019/02/02 v3.1.1 (3.1.1)
)
("D:\Eigene Dateien\Programme\MiKTeX\tex/generic/pgf/basiclayer\pgfcorearrows.c
ode.tex"
File: pgfcorearrows.code.tex 2019/02/02 v3.1.1 (3.1.1)
\pgfarrowsep=\dimen177
)
("D:\Eigene Dateien\Programme\MiKTeX\tex/generic/pgf/basiclayer\pgfcoreshade.co
de.tex"
File: pgfcoreshade.code.tex 2019/02/02 v3.1.1 (3.1.1)
\pgf@max=\dimen178
\pgf@sys@shading@range@num=\count399
)
("D:\Eigene Dateien\Programme\MiKTeX\tex/generic/pgf/basiclayer\pgfcoreimage.co
de.tex"
File: pgfcoreimage.code.tex 2019/02/02 v3.1.1 (3.1.1)

("D:\Eigene Dateien\Programme\MiKTeX\tex/generic/pgf/basiclayer\pgfcoreexternal
.code.tex"
File: pgfcoreexternal.code.tex 2019/02/02 v3.1.1 (3.1.1)
\pgfexternal@startupbox=\box56
))
("D:\Eigene Dateien\Programme\MiKTeX\tex/generic/pgf/basiclayer\pgfcorelayers.c
ode.tex"
File: pgfcorelayers.code.tex 2019/02/02 v3.1.1 (3.1.1)
)
("D:\Eigene Dateien\Programme\MiKTeX\tex/generic/pgf/basiclayer\pgfcoretranspar
ency.code.tex"
File: pgfcoretransparency.code.tex 2019/02/02 v3.1.1 (3.1.1)
)
("D:\Eigene Dateien\Programme\MiKTeX\tex/generic/pgf/basiclayer\pgfcorepatterns
.code.tex"
File: pgfcorepatterns.code.tex 2019/02/02 v3.1.1 (3.1.1)
)
("D:\Eigene Dateien\Programme\MiKTeX\tex/generic/pgf/basiclayer\pgfcorerdf.code
.tex"
File: pgfcorerdf.code.tex 2019/02/02 v3.1.1 (3.1.1)
)))
("D:\Eigene Dateien\Programme\MiKTeX\tex/generic/pgf/modules\pgfmoduleshapes.co
de.tex"
File: pgfmoduleshapes.code.tex 2019/02/02 v3.1.1 (3.1.1)
\pgfnodeparttextbox=\box57
)
("D:\Eigene Dateien\Programme\MiKTeX\tex/generic/pgf/modules\pgfmoduleplot.code
.tex"
File: pgfmoduleplot.code.tex 2019/02/02 v3.1.1 (3.1.1)
)
("D:\Eigene Dateien\Programme\MiKTeX\tex/latex/pgf/compatibility\pgfcomp-versio
n-0-65.sty"
Package: pgfcomp-version-0-65 2019/02/02 v3.1.1 (3.1.1)
\pgf@nodesepstart=\dimen179
\pgf@nodesepend=\dimen180
)
("D:\Eigene Dateien\Programme\MiKTeX\tex/latex/pgf/compatibility\pgfcomp-versio
n-1-18.sty"
Package: pgfcomp-version-1-18 2019/02/02 v3.1.1 (3.1.1)
))
("D:\Eigene Dateien\Programme\MiKTeX\tex/latex/pgf/utilities\pgffor.sty"
("D:\Eigene Dateien\Programme\MiKTeX\tex/latex/pgf/utilities\pgfkeys.sty"
("D:\Eigene Dateien\Programme\MiKTeX\tex/generic/pgf/utilities\pgfkeys.code.tex
")) ("D:\Eigene Dateien\Programme\MiKTeX\tex/latex/pgf/math\pgfmath.sty"
("D:\Eigene Dateien\Programme\MiKTeX\tex/generic/pgf/math\pgfmath.code.tex"))
("D:\Eigene Dateien\Programme\MiKTeX\tex/generic/pgf/utilities\pgffor.code.tex"
Package: pgffor 2019/02/02 v3.1.1 (3.1.1)
("D:\Eigene Dateien\Programme\MiKTeX\tex/generic/pgf/math\pgfmath.code.tex")
\pgffor@iter=\dimen181
\pgffor@skip=\dimen182
\pgffor@stack=\toks31
\pgffor@toks=\toks32
))
("D:\Eigene Dateien\Programme\MiKTeX\tex/generic/pgf/frontendlayer/tikz\tikz.co
de.tex"
Package: tikz 2019/02/02 v3.1.1 (3.1.1)

("D:\Eigene Dateien\Programme\MiKTeX\tex/generic/pgf/libraries\pgflibraryplotha
ndlers.code.tex"
File: pgflibraryplothandlers.code.tex 2019/02/02 v3.1.1 (3.1.1)
\pgf@plot@mark@count=\count400
\pgfplotmarksize=\dimen183
)
\tikz@lastx=\dimen184
\tikz@lasty=\dimen185
\tikz@lastxsaved=\dimen186
\tikz@lastysaved=\dimen187
\tikzleveldistance=\dimen188
\tikzsiblingdistance=\dimen189
\tikz@figbox=\box58
\tikz@figbox@bg=\box59
\tikz@tempbox=\box60
\tikz@tempbox@bg=\box61
\tikztreelevel=\count401
\tikznumberofchildren=\count402
\tikznumberofcurrentchild=\count403
\tikz@fig@count=\count404

("D:\Eigene Dateien\Programme\MiKTeX\tex/generic/pgf/modules\pgfmodulematrix.co
de.tex"
File: pgfmodulematrix.code.tex 2019/02/02 v3.1.1 (3.1.1)
\pgfmatrixcurrentrow=\count405
\pgfmatrixcurrentcolumn=\count406
\pgf@matrix@numberofcolumns=\count407
)
\tikz@expandcount=\count408

("D:\Eigene Dateien\Programme\MiKTeX\tex/generic/pgf/frontendlayer/tikz/librari
es\tikzlibrarytopaths.code.tex"
File: tikzlibrarytopaths.code.tex 2019/02/02 v3.1.1 (3.1.1)
)))
("D:\Eigene Dateien\Programme\MiKTeX\tex/latex/pgfplots\pgfplots.sty"
("D:\Eigene Dateien\Programme\MiKTeX\tex/generic/pgfplots\pgfplots.revision.tex
")
Package: pgfplots 2018/03/28 v1.16 Data Visualization (1.16)
 ("D:\Eigene Dateien\Programme\MiKTeX\tex/generic/pgfplots\pgfplots.code.tex" (
"D:\Eigene Dateien\Programme\MiKTeX\tex/generic/pgfplots\pgfplotscore.code.tex"
\t@pgfplots@toka=\toks33
\t@pgfplots@tokb=\toks34
\t@pgfplots@tokc=\toks35
\pgfplots@tmpa=\dimen190
\c@pgfplots@coordindex=\count409
\c@pgfplots@scanlineindex=\count410

("D:\Eigene Dateien\Programme\MiKTeX\tex/generic/pgfplots/sys\pgfplotssysgeneri
c.code.tex"))
("D:\Eigene Dateien\Programme\MiKTeX\tex/generic/pgfplots/libs\pgfplotslibrary.
code.tex")
("D:\Eigene Dateien\Programme\MiKTeX\tex/generic/pgfplots/oldpgfcompatib\pgfplo
tsoldpgfsupp_loader.code.tex"
("D:\Eigene Dateien\Programme\MiKTeX\tex/generic/pgf/libraries\pgflibraryfpu.co
de.tex")
Package pgfplots: loading complementary arithmetics for your pgf version...

("D:\Eigene Dateien\Programme\MiKTeX\tex/generic/pgfplots/oldpgfcompatib\pgfplo
tsoldpgfsupp_pgflibraryfpu.code.tex")
("D:\Eigene Dateien\Programme\MiKTeX\tex/generic/pgfplots/oldpgfcompatib\pgfplo
tsoldpgfsupp_pgfmathfloat.code.tex"
\c@pgfmathroundto@lastzeros=\count411
))
("D:\Eigene Dateien\Programme\MiKTeX\tex/generic/pgfplots/util\pgfplotsutil.cod
e.tex"
("D:\Eigene Dateien\Programme\MiKTeX\tex/generic/pgfplots/liststructure\pgfplot
sliststructure.code.tex")
("D:\Eigene Dateien\Programme\MiKTeX\tex/generic/pgfplots/liststructure\pgfplot
sliststructureext.code.tex")
("D:\Eigene Dateien\Programme\MiKTeX\tex/generic/pgfplots/liststructure\pgfplot
sarray.code.tex"
\c@pgfplotsarray@tmp=\count412
)
("D:\Eigene Dateien\Programme\MiKTeX\tex/generic/pgfplots/liststructure\pgfplot
smatrix.code.tex")
("D:\Eigene Dateien\Programme\MiKTeX\tex/generic/pgfplots/numtable\pgfplotstabl
eshared.code.tex"
\c@pgfplotstable@counta=\count413
\t@pgfplotstable@a=\toks36
)
("D:\Eigene Dateien\Programme\MiKTeX\tex/generic/pgfplots/liststructure\pgfplot
sdeque.code.tex")
("D:\Eigene Dateien\Programme\MiKTeX\tex/generic/pgfplots/util\pgfplotsbinary.c
ode.tex"
("D:\Eigene Dateien\Programme\MiKTeX\tex/generic/pgfplots/util\pgfplotsbinary.d
ata.code.tex"))
("D:\Eigene Dateien\Programme\MiKTeX\tex/generic/pgfplots/util\pgfplotsutil.ver
b.code.tex")
("D:\Eigene Dateien\Programme\MiKTeX\tex/generic/pgfplots/libs\pgflibrarypgfplo
ts.surfshading.code.tex"
\c@pgfplotslibrarysurf@no=\count414

("D:\Eigene Dateien\Programme\MiKTeX\tex/generic/pgfplots/sys\pgflibrarypgfplot
s.surfshading.pgfsys-pdftex.def")))
("D:\Eigene Dateien\Programme\MiKTeX\tex/generic/pgfplots/util\pgfplotscolormap
.code.tex"
("D:\Eigene Dateien\Programme\MiKTeX\tex/generic/pgfplots/util\pgfplotscolor.co
de.tex"))
("D:\Eigene Dateien\Programme\MiKTeX\tex/generic/pgfplots\pgfplotsstackedplots.
code.tex")
("D:\Eigene Dateien\Programme\MiKTeX\tex/generic/pgfplots\pgfplotsplothandlers.
code.tex"
("D:\Eigene Dateien\Programme\MiKTeX\tex/generic/pgfplots\pgfplotsmeshplothandl
er.code.tex"
("D:\Eigene Dateien\Programme\MiKTeX\tex/generic/pgfplots\pgfplotsmeshplotimage
.code.tex")))
("D:\Eigene Dateien\Programme\MiKTeX\tex/generic/pgfplots\pgfplots.scaling.code
.tex")
("D:\Eigene Dateien\Programme\MiKTeX\tex/generic/pgfplots\pgfplotscoordprocessi
ng.code.tex")
("D:\Eigene Dateien\Programme\MiKTeX\tex/generic/pgfplots\pgfplots.errorbars.co
de.tex")
("D:\Eigene Dateien\Programme\MiKTeX\tex/generic/pgfplots\pgfplots.markers.code
.tex")
("D:\Eigene Dateien\Programme\MiKTeX\tex/generic/pgfplots\pgfplotsticks.code.te
x")
("D:\Eigene Dateien\Programme\MiKTeX\tex/generic/pgfplots\pgfplots.paths.code.t
ex")
("D:\Eigene Dateien\Programme\MiKTeX\tex/generic/pgf/frontendlayer/tikz/librari
es\tikzlibrarydecorations.code.tex"
("D:\Eigene Dateien\Programme\MiKTeX\tex/generic/pgf/modules\pgfmoduledecoratio
ns.code.tex"
\pgfdecoratedcompleteddistance=\dimen191
\pgfdecoratedremainingdistance=\dimen192
\pgfdecoratedinputsegmentcompleteddistance=\dimen193
\pgfdecoratedinputsegmentremainingdistance=\dimen194
\pgf@decorate@distancetomove=\dimen195
\pgf@decorate@repeatstate=\count415
\pgfdecorationsegmentamplitude=\dimen196
\pgfdecorationsegmentlength=\dimen197
)
\tikz@lib@dec@box=\box62
)
("D:\Eigene Dateien\Programme\MiKTeX\tex/generic/pgf/frontendlayer/tikz/librari
es\tikzlibrarydecorations.pathmorphing.code.tex"
("D:\Eigene Dateien\Programme\MiKTeX\tex/generic/pgf/libraries/decorations\pgfl
ibrarydecorations.pathmorphing.code.tex"))
("D:\Eigene Dateien\Programme\MiKTeX\tex/generic/pgf/frontendlayer/tikz/librari
es\tikzlibrarydecorations.pathreplacing.code.tex"
("D:\Eigene Dateien\Programme\MiKTeX\tex/generic/pgf/libraries/decorations\pgfl
ibrarydecorations.pathreplacing.code.tex"))
\pgfplots@numplots=\count416
\pgfplots@xmin@reg=\dimen198
\pgfplots@xmax@reg=\dimen199
\pgfplots@ymin@reg=\dimen256
\pgfplots@ymax@reg=\dimen257
\pgfplots@zmin@reg=\dimen258
\pgfplots@zmax@reg=\dimen259
)
("D:\Eigene Dateien\Programme\MiKTeX\tex/generic/pgf/frontendlayer/tikz/librari
es\tikzlibraryplotmarks.code.tex"
File: tikzlibraryplotmarks.code.tex 2019/02/02 v3.1.1 (3.1.1)

("D:\Eigene Dateien\Programme\MiKTeX\tex/generic/pgf/libraries\pgflibraryplotma
rks.code.tex"
File: pgflibraryplotmarks.code.tex 2019/02/02 v3.1.1 (3.1.1)
)))
("D:\Eigene Dateien\Programme\MiKTeX\tex/latex/pgfplots\pgfplotstable.sty"
("D:\Eigene Dateien\Programme\MiKTeX\tex/generic/pgfplots\pgfplots.revision.tex
")
Package: pgfplotstable 2018/03/28 v1.16 Table typesetting and Pretty-printing (
1.16)

("D:\Eigene Dateien\Programme\MiKTeX\tex/generic/pgfplots/numtable\pgfplotstabl
e.code.tex"
("D:\Eigene Dateien\Programme\MiKTeX\tex/generic/pgfplots/numtable\pgfplotstabl
e.coltype.code.tex")))
("D:\Eigene Dateien\Programme\MiKTeX\tex/latex/booktabs\booktabs.sty"
Package: booktabs 2005/04/14 v1.61803 publication quality tables
\heavyrulewidth=\dimen260
\lightrulewidth=\dimen261
\cmidrulewidth=\dimen262
\belowrulesep=\dimen263
\belowbottomsep=\dimen264
\aboverulesep=\dimen265
\abovetopsep=\dimen266
\cmidrulesep=\dimen267
\cmidrulekern=\dimen268
\defaultaddspace=\dimen269
\@cmidla=\count417
\@cmidlb=\count418
\@aboverulesep=\dimen270
\@belowrulesep=\dimen271
\@thisruleclass=\count419
\@lastruleclass=\count420
\@thisrulewidth=\dimen272
)
("D:\Eigene Dateien\Programme\MiKTeX\tex/latex/microtype\microtype.sty"
Package: microtype 2019/02/28 v2.7b Micro-typographical refinements (RS)
\MT@toks=\toks37
\MT@count=\count421
LaTeX Info: Redefining \textls on input line 790.
\MT@outer@kern=\dimen273
LaTeX Info: Redefining \textmicrotypecontext on input line 1336.
\MT@listname@count=\count422

("D:\Eigene Dateien\Programme\MiKTeX\tex/latex/microtype\microtype-pdftex.def"
File: microtype-pdftex.def 2019/02/28 v2.7b Definitions specific to pdftex (RS)

LaTeX Info: Redefining \lsstyle on input line 914.
LaTeX Info: Redefining \lslig on input line 914.
\MT@outer@space=\skip89
)
Package microtype Info: Loading configuration file microtype.cfg.
("D:\Eigene Dateien\Programme\MiKTeX\tex/latex/microtype\microtype.cfg"
File: microtype.cfg 2019/02/28 v2.7b microtype main configuration file (RS)
))
("D:\Eigene Dateien\Programme\MiKTeX\tex/latex/caption\caption.sty"
Package: caption 2018/10/06 v3.3-154 Customizing captions (AR)

("D:\Eigene Dateien\Programme\MiKTeX\tex/latex/caption\caption3.sty"
Package: caption3 2018/09/12 v1.8c caption3 kernel (AR)
Package caption3 Info: TeX engine: e-TeX on input line 64.
\captionmargin=\dimen274
\captionmargin@=\dimen275
\captionwidth=\dimen276
\caption@tempdima=\dimen277
\caption@indent=\dimen278
\caption@parindent=\dimen279
\caption@hangindent=\dimen280
)
Package caption Info: KOMA-Script document class.
\c@caption@flags=\count423
\c@ContinuedFloat=\count424
Package caption Info: listings package is loaded.
)
Package scrhack Info: hyperref hack deactivated because of
(scrhack)             detection of KOMA-Script class, that doesn't
(scrhack)             need that hack, on input line 29.

("D:\Eigene Dateien\Programme\MiKTeX\tex/latex/hyperref\hyperref.sty"
Package: hyperref 2018/11/30 v6.88e Hypertext links for LaTeX

("D:\Eigene Dateien\Programme\MiKTeX\tex/generic/oberdiek\hobsub-hyperref.sty"
Package: hobsub-hyperref 2016/05/16 v1.14 Bundle oberdiek, subset hyperref (HO)


("D:\Eigene Dateien\Programme\MiKTeX\tex/generic/oberdiek\hobsub-generic.sty"
Package: hobsub-generic 2016/05/16 v1.14 Bundle oberdiek, subset generic (HO)
Package: hobsub 2016/05/16 v1.14 Construct package bundles (HO)
Package hobsub Info: Skipping package `infwarerr' (already loaded).
Package hobsub Info: Skipping package `ltxcmds' (already loaded).
Package hobsub Info: Skipping package `ifluatex' (already loaded).
Package: ifvtex 2016/05/16 v1.6 Detect VTeX and its facilities (HO)
Package ifvtex Info: VTeX not detected.
Package: intcalc 2016/05/16 v1.2 Expandable calculations with integers (HO)
Package hobsub Info: Skipping package `ifpdf' (already loaded).
Package hobsub Info: Skipping package `etexcmds' (already loaded).
Package hobsub Info: Skipping package `kvsetkeys' (already loaded).
Package: kvdefinekeys 2016/05/16 v1.4 Define keys (HO)
Package hobsub Info: Skipping package `pdftexcmds' (already loaded).
Package: pdfescape 2016/05/16 v1.14 Implements pdfTeX's escape features (HO)
Package: bigintcalc 2016/05/16 v1.4 Expandable calculations on big integers (HO
)
Package: bitset 2016/05/16 v1.2 Handle bit-vector datatype (HO)
Package: uniquecounter 2016/05/16 v1.3 Provide unlimited unique counter (HO)
)
Package hobsub Info: Skipping package `hobsub' (already loaded).
Package: letltxmacro 2016/05/16 v1.5 Let assignment for LaTeX macros (HO)
Package: hopatch 2016/05/16 v1.3 Wrapper for package hooks (HO)
Package: xcolor-patch 2016/05/16 xcolor patch
Package: atveryend 2016/05/16 v1.9 Hooks at the very end of document (HO)
Package: atbegshi 2016/06/09 v1.18 At begin shipout hook (HO)
Package: refcount 2016/05/16 v3.5 Data extraction from label references (HO)
Package: hycolor 2016/05/16 v1.8 Color options for hyperref/bookmark (HO)
) ("D:\Eigene Dateien\Programme\MiKTeX\tex/generic/ifxetex\ifxetex.sty"
Package: ifxetex 2010/09/12 v0.6 Provides ifxetex conditional
)
("D:\Eigene Dateien\Programme\MiKTeX\tex/latex/oberdiek\auxhook.sty"
Package: auxhook 2016/05/16 v1.4 Hooks for auxiliary files (HO)
)
\@linkdim=\dimen281
\Hy@linkcounter=\count425
\Hy@pagecounter=\count426

("D:\Eigene Dateien\Programme\MiKTeX\tex/latex/hyperref\pd1enc.def"
File: pd1enc.def 2018/11/30 v6.88e Hyperref: PDFDocEncoding definition (HO)
Now handling font encoding PD1 ...
... no UTF-8 mapping file for font encoding PD1
)
\Hy@SavedSpaceFactor=\count427

("D:\Eigene Dateien\Programme\MiKTeX\tex/latex/00miktex\hyperref.cfg"
File: hyperref.cfg 2002/06/06 v1.2 hyperref configuration of TeXLive
)
Package hyperref Info: Hyper figures OFF on input line 4519.
Package hyperref Info: Link nesting OFF on input line 4524.
Package hyperref Info: Hyper index ON on input line 4527.
Package hyperref Info: Plain pages OFF on input line 4534.
Package hyperref Info: Backreferencing OFF on input line 4539.
Package hyperref Info: Implicit mode ON; LaTeX internals redefined.
Package hyperref Info: Bookmarks ON on input line 4772.
\c@Hy@tempcnt=\count428
LaTeX Info: Redefining \url on input line 5125.
\XeTeXLinkMargin=\dimen282
\Fld@menulength=\count429
\Field@Width=\dimen283
\Fld@charsize=\dimen284
Package hyperref Info: Hyper figures OFF on input line 6380.
Package hyperref Info: Link nesting OFF on input line 6385.
Package hyperref Info: Hyper index ON on input line 6388.
Package hyperref Info: backreferencing OFF on input line 6395.
Package hyperref Info: Link coloring OFF on input line 6400.
Package hyperref Info: Link coloring with OCG OFF on input line 6405.
Package hyperref Info: PDF/A mode OFF on input line 6410.
LaTeX Info: Redefining \ref on input line 6450.
LaTeX Info: Redefining \pageref on input line 6454.
\Hy@abspage=\count430
\c@Item=\count431
\c@Hfootnote=\count432
)
Package hyperref Info: Driver (autodetected): hpdftex.

("D:\Eigene Dateien\Programme\MiKTeX\tex/latex/hyperref\hpdftex.def"
File: hpdftex.def 2018/11/30 v6.88e Hyperref driver for pdfTeX
\Fld@listcount=\count433
\c@bookmark@seq@number=\count434

("D:\Eigene Dateien\Programme\MiKTeX\tex/latex/oberdiek\rerunfilecheck.sty"
Package: rerunfilecheck 2016/05/16 v1.8 Rerun checks for auxiliary files (HO)
Package uniquecounter Info: New unique counter `rerunfilecheck' on input line 2
82.
)
\Hy@SectionHShift=\skip90
)
("D:\Eigene Dateien\Programme\MiKTeX\tex/latex/paralist\paralist.sty"
Package: paralist 2017/01/22 v2.7 Extended list environments
\pltopsep=\skip91
\plpartopsep=\skip92
\plitemsep=\skip93
\plparsep=\skip94
\pl@lab=\toks38
)
("D:\Eigene Dateien\Programme\MiKTeX\tex/latex/subfig\subfig.sty"
Package: subfig 2005/06/28 ver: 1.3 subfig package
\c@KVtest=\count435
\sf@farskip=\skip95
\sf@captopadj=\dimen285
\sf@capskip=\skip96
\sf@nearskip=\skip97
\c@subfigure=\count436
\c@subfigure@save=\count437
\c@lofdepth=\count438
\c@subtable=\count439
\c@subtable@save=\count440
\c@lotdepth=\count441
\sf@top=\skip98
\sf@bottom=\skip99
)
("D:\Eigene Dateien\Programme\MiKTeX\tex/latex/siunitx\siunitx.sty"
Package: siunitx 2018/05/17 v2.7s A comprehensive (SI) units package

("D:\Eigene Dateien\Programme\MiKTeX\tex/latex/amsmath\amstext.sty"
Package: amstext 2000/06/29 v2.01 AMS text

("D:\Eigene Dateien\Programme\MiKTeX\tex/latex/amsmath\amsgen.sty"
File: amsgen.sty 1999/11/30 v2.0 generic functions
\@emptytoks=\toks39
\ex@=\dimen286
))
("D:\Eigene Dateien\Programme\MiKTeX\tex/latex/l3packages/l3keys2e\l3keys2e.sty
"
Package: l3keys2e 2019-03-05 LaTeX2e option processing using LaTeX3 keys
)
\l__siunitx_tmp_box=\box63
\l__siunitx_tmp_dim=\dimen287
\l__siunitx_tmp_int=\count442
\l__siunitx_number_mantissa_length_int=\count443
\l__siunitx_number_uncert_length_int=\count444
\l__siunitx_round_int=\count445
\l__siunitx_process_decimal_int=\count446
\l__siunitx_process_uncertainty_int=\count447
\l__siunitx_process_fixed_int=\count448
\l__siunitx_process_integer_min_int=\count449
\l__siunitx_process_precision_int=\count450
\l__siunitx_group_min_int=\count451
\l__siunitx_angle_marker_box=\box64
\l__siunitx_angle_unit_box=\box65
\l__siunitx_angle_marker_dim=\dimen288
\l__siunitx_angle_unit_dim=\dimen289
\l__siunitx_unit_int=\count452
\l__siunitx_unit_denominator_int=\count453
\l__siunitx_unit_numerator_int=\count454
\l__siunitx_unit_prefix_int=\count455
\l__siunitx_unit_prefix_base_int=\count456
\l__siunitx_unit_prefix_gram_int=\count457
\l__siunitx_number_product_int=\count458
\c__siunitx_one_fill_skip=\skip100
\l__siunitx_table_unit_align_skip=\skip101
\l__siunitx_table_exponent_dim=\dimen290
\l__siunitx_table_integer_dim=\dimen291
\l__siunitx_table_mantissa_dim=\dimen292
\l__siunitx_table_marker_dim=\dimen293
\l__siunitx_table_result_dim=\dimen294
\l__siunitx_table_uncert_dim=\dimen295
\l__siunitx_table_fill_pre_dim=\dimen296
\l__siunitx_table_fill_post_dim=\dimen297
\l__siunitx_table_fill_mid_dim=\dimen298
\l__siunitx_table_pre_box=\box66
\l__siunitx_table_post_box=\box67
\l__siunitx_table_mantissa_box=\box68
\l__siunitx_table_result_box=\box69
\l__siunitx_table_number_align_skip=\skip102
\l__siunitx_table_text_align_skip=\skip103
 ("D:\Eigene Dateien\Programme\MiKTeX\tex/latex/translator\translator.sty"
Package: translator 2018/01/04 v1.12 Easy translation of strings in LaTeX
))
("D:\Eigene Dateien\Programme\MiKTeX\tex/latex/multirow\multirow.sty"
Package: multirow 2019/01/01 v2.4 Span multiple rows of a table
\multirow@colwidth=\skip104
\multirow@cntb=\count459
\multirow@dima=\skip105
\bigstrutjot=\dimen299
)
("D:\Eigene Dateien\Programme\MiKTeX\tex/latex/units\nicefrac.sty"
Package: nicefrac 1998/08/04 v0.9b Nice fractions
\L@UnitsRaiseDisplaystyle=\skip106
\L@UnitsRaiseTextstyle=\skip107
\L@UnitsRaiseScriptstyle=\skip108
)
("D:\Eigene Dateien\Programme\MiKTeX\tex/latex/tools\bm.sty"
Package: bm 2017/01/16 v1.2c Bold Symbol Support (DPC/FMi)
\symboldoperators=\mathgroup5
\symboldletters=\mathgroup6
\symboldsymbols=\mathgroup7
\symboldupright=\mathgroup8
LaTeX Font Info:    Redeclaring math alphabet \mathbf on input line 141.
LaTeX Info: Redefining \bm on input line 207.
)
("D:\Eigene Dateien\Programme\MiKTeX\tex/latex/tools\tabularx.sty"
Package: tabularx 2016/02/03 v2.11b `tabularx' package (DPC)
\TX@col@width=\dimen300
\TX@old@table=\dimen301
\TX@old@col=\dimen302
\TX@target=\dimen303
\TX@delta=\dimen304
\TX@cols=\count460
\TX@ftn=\toks40
)
("D:\Eigene Dateien\Programme\MiKTeX\tex/latex/glossaries/base\glossaries.sty"
Package: glossaries 2019/01/06 v4.42 (NLCT)

("D:\Eigene Dateien\Programme\MiKTeX\tex/latex/xkeyval\xkeyval.sty"
Package: xkeyval 2014/12/03 v2.7a package option processing (HA)

("D:\Eigene Dateien\Programme\MiKTeX\tex/generic/xkeyval\xkeyval.tex"
("D:\Eigene Dateien\Programme\MiKTeX\tex/generic/xkeyval\xkvutils.tex"
\XKV@toks=\toks41
\XKV@tempa@toks=\toks42
)
\XKV@depth=\count461
File: xkeyval.tex 2014/12/03 v2.7a key=value parser (HA)
))
("D:\Eigene Dateien\Programme\MiKTeX\tex/latex/mfirstuc\mfirstuc.sty"
Package: mfirstuc 2017/11/14 v2.06 (NLCT)
\@glsmfirst=\toks43
\@glsmrest=\toks44
)
("D:\Eigene Dateien\Programme\MiKTeX\tex/latex/textcase\textcase.sty"
Package: textcase 2004/10/07 v0.07 Text only upper/lower case changing (DPC)
)
("D:\Eigene Dateien\Programme\MiKTeX\tex/latex/xfor\xfor.sty"
Package: xfor 2009/02/05 v1.05 (NLCT)
)
("D:\Eigene Dateien\Programme\MiKTeX\tex/latex/datatool\datatool-base.sty"
Package: datatool-base 2018/12/07 v2.31 (NLCT)

("D:\Eigene Dateien\Programme\MiKTeX\tex/latex/amsmath\amsmath.sty"
Package: amsmath 2018/12/01 v2.17b AMS math features
\@mathmargin=\skip109

For additional information on amsmath, use the `?' option.
("D:\Eigene Dateien\Programme\MiKTeX\tex/latex/amsmath\amsbsy.sty"
Package: amsbsy 1999/11/29 v1.2d Bold Symbols
LaTeX Info: Redefining \boldsymbol on input line 28.
\pmbraise@=\dimen305
)
("D:\Eigene Dateien\Programme\MiKTeX\tex/latex/amsmath\amsopn.sty"
Package: amsopn 2016/03/08 v2.02 operator names
)
\inf@bad=\count462
LaTeX Info: Redefining \frac on input line 223.
\uproot@=\count463
\leftroot@=\count464
LaTeX Info: Redefining \overline on input line 385.
\classnum@=\count465
\DOTSCASE@=\count466
LaTeX Info: Redefining \ldots on input line 482.
LaTeX Info: Redefining \dots on input line 485.
LaTeX Info: Redefining \cdots on input line 606.
\Mathstrutbox@=\box70
\strutbox@=\box71
\big@size=\dimen306
LaTeX Font Info:    Redeclaring font encoding OML on input line 729.
LaTeX Font Info:    Redeclaring font encoding OMS on input line 730.
\macc@depth=\count467
\c@MaxMatrixCols=\count468
\dotsspace@=\muskip17
\c@parentequation=\count469
\dspbrk@lvl=\count470
\tag@help=\toks45
\row@=\count471
\column@=\count472
\maxfields@=\count473
\andhelp@=\toks46
\eqnshift@=\dimen307
\alignsep@=\dimen308
\tagshift@=\dimen309
\tagwidth@=\dimen310
\totwidth@=\dimen311
\lineht@=\dimen312
\@envbody=\toks47
\multlinegap=\skip110
\multlinetaggap=\skip111
\mathdisplay@stack=\toks48
LaTeX Info: Redefining \[ on input line 2844.
LaTeX Info: Redefining \] on input line 2845.
)
("D:\Eigene Dateien\Programme\MiKTeX\tex/latex/substr\substr.sty"
Package: substr 2009/10/20 v1.2 Handle substrings
\c@su@anzahl=\count474
)
("D:\Eigene Dateien\Programme\MiKTeX\tex/latex/datatool\datatool-fp.sty"
Package: datatool-fp 2018/12/07 v2.31 (NLCT)

("D:\Eigene Dateien\Programme\MiKTeX\tex/latex/fp\fp.sty"
Package: fp 1995/04/02

`Fixed Point Package', Version 0.8, April 2, 1995 (C) Michael Mehlich
("D:\Eigene Dateien\Programme\MiKTeX\tex/latex/fp\defpattern.sty"
Package: defpattern 1994/10/12
\actioncount=\count475
)
("D:\Eigene Dateien\Programme\MiKTeX\tex/latex/fp\fp-basic.sty"
Package: fp-basic 1996/05/13
\FP@xs=\count476
\FP@xia=\count477
\FP@xib=\count478
\FP@xfa=\count479
\FP@xfb=\count480
\FP@rega=\count481
\FP@regb=\count482
\FP@regs=\count483
\FP@times=\count484
)
("D:\Eigene Dateien\Programme\MiKTeX\tex/latex/fp\fp-addons.sty"
Package: fp-addons 1995/03/15
)
("D:\Eigene Dateien\Programme\MiKTeX\tex/latex/fp\fp-snap.sty"
Package: fp-snap 1995/04/05
)
("D:\Eigene Dateien\Programme\MiKTeX\tex/latex/fp\fp-exp.sty"
Package: fp-exp 1995/04/03
)
("D:\Eigene Dateien\Programme\MiKTeX\tex/latex/fp\fp-trigo.sty"
Package: fp-trigo 1995/04/14
)
("D:\Eigene Dateien\Programme\MiKTeX\tex/latex/fp\fp-pas.sty"
Package: fp-pas 1994/08/29
)
("D:\Eigene Dateien\Programme\MiKTeX\tex/latex/fp\fp-random.sty"
Package: fp-random 1995/02/23
\FPseed=\count485
)
("D:\Eigene Dateien\Programme\MiKTeX\tex/latex/fp\fp-eqn.sty"
Package: fp-eqn 1995/04/03
)
("D:\Eigene Dateien\Programme\MiKTeX\tex/latex/fp\fp-upn.sty"
Package: fp-upn 1996/10/21
)
("D:\Eigene Dateien\Programme\MiKTeX\tex/latex/fp\fp-eval.sty"
Package: fp-eval 1995/04/03
)))
\@dtl@toks=\toks49
\@dtl@tmpcount=\count486
\dtl@tmplength=\skip112
\dtl@sortresult=\count487
\@dtl@numgrpsepcount=\count488
\@dtl@datatype=\count489
\dtl@codeA=\count490
\dtl@codeB=\count491
\@dtl@foreach@level=\count492
)
("D:\Eigene Dateien\Programme\MiKTeX\tex/latex/glossaries/base\glossaries-compa
tible-307.sty"
Package: glossaries-compatible-307 2019/01/06 v4.42 (NLCT)
)
("D:\Eigene Dateien\Programme\MiKTeX\tex/latex/tracklang\tracklang.sty"
Package: tracklang 2018/05/13 v1.3.6 (NLCT) Track Languages

("D:\Eigene Dateien\Programme\MiKTeX\tex/generic/tracklang\tracklang.tex"))
("D:\Eigene Dateien\Programme\MiKTeX\tex/latex/glossaries-english\glossaries-en
glish.ldf"
File: glossaries-english.ldf 2014/11/23 v1.0
)
("D:\Eigene Dateien\Programme\MiKTeX\tex/latex/glossaries-german\glossaries-ger
man.ldf"
File: glossaries-german.ldf 2014/11/23 v1.0
)
\gls@level=\count493
\@gls@tmpb=\toks50
\gls@tmplen=\skip113
\glskeylisttok=\toks51
\glslabeltok=\toks52
\glsshorttok=\toks53
\glslongtok=\toks54

("D:\Eigene Dateien\Programme\MiKTeX\tex/latex/glossaries/styles\glossary-hyper
nav.sty"
Package: glossary-hypernav 2019/01/06 v4.42 (NLCT)
)
("D:\Eigene Dateien\Programme\MiKTeX\tex/latex/glossaries/styles\glossary-list.
sty"
Package: glossary-list 2019/01/06 v4.42 (NLCT)
\glslistdottedwidth=\skip114
)
("D:\Eigene Dateien\Programme\MiKTeX\tex/latex/glossaries/styles\glossary-long.
sty"
Package: glossary-long 2019/01/06 v4.42 (NLCT)
 ("D:\Eigene Dateien\Programme\MiKTeX\tex/latex/tools\longtable.sty"
Package: longtable 2014/10/28 v4.11 Multi-page Table package (DPC)+ FMi change
\LTleft=\skip115
\LTright=\skip116
\LTpre=\skip117
\LTpost=\skip118
\LTchunksize=\count494
\LTcapwidth=\dimen313
\LT@head=\box72
\LT@firsthead=\box73
\LT@foot=\box74
\LT@lastfoot=\box75
\LT@cols=\count495
\LT@rows=\count496
\c@LT@tables=\count497
\c@LT@chunks=\count498
\LT@p@ftn=\toks55
)
Class scrbook Info: longtable captions redefined on input line 43.
\glsdescwidth=\skip119
\glspagelistwidth=\skip120
)
("D:\Eigene Dateien\Programme\MiKTeX\tex/latex/glossaries/styles\glossary-super
.sty"
Package: glossary-super 2019/01/06 v4.42 (NLCT)

("D:\Eigene Dateien\Programme\MiKTeX\tex/latex/supertabular\supertabular.sty"
Package: supertabular 2004/02/20 v4.1e the supertabular environment
\c@tracingst=\count499
\ST@wd=\dimen314
\ST@rightskip=\skip121
\ST@leftskip=\skip122
\ST@parfillskip=\skip123
\ST@pageleft=\dimen315
\ST@headht=\dimen316
\ST@tailht=\dimen317
\ST@pagesofar=\dimen318
\ST@pboxht=\dimen319
\ST@lineht=\dimen320
\ST@stretchht=\dimen321
\ST@prevht=\dimen322
\ST@toadd=\dimen323
\ST@dimen=\dimen324
\ST@pbox=\box76
))
("D:\Eigene Dateien\Programme\MiKTeX\tex/latex/glossaries/styles\glossary-tree.
sty"
Package: glossary-tree 2019/01/06 v4.42 (NLCT)
\glstreeindent=\skip124
))
\glswrite=\write5
\glo@main@file=\write6
\openout6 = `main.glo'.

Package glossaries Info: Writing glossary file main.glo on input line 45.
\glo@acronym@file=\write7
\openout7 = `main.acn'.

Package glossaries Info: Writing glossary file main.acn on input line 45.
 (pages/glossary.tex)) (commands.tex
("D:\Eigene Dateien\Programme\MiKTeX\tex/latex/todonotes\todonotes.sty"
Package: todonotes 2019/01/24 v1.1.2 Todonotes source and documentation.
Package: todonotes 2018/11/22

("D:\Eigene Dateien\Programme\MiKTeX\tex/generic/pgf/frontendlayer/tikz/librari
es\tikzlibrarypositioning.code.tex"
File: tikzlibrarypositioning.code.tex 2019/02/02 v3.1.1 (3.1.1)
)
("D:\Eigene Dateien\Programme\MiKTeX\tex/generic/pgf/frontendlayer/tikz/librari
es\tikzlibraryshadows.code.tex"
File: tikzlibraryshadows.code.tex 2019/02/02 v3.1.1 (3.1.1)

("D:\Eigene Dateien\Programme\MiKTeX\tex/generic/pgf/frontendlayer/tikz/librari
es\tikzlibraryfadings.code.tex"
File: tikzlibraryfadings.code.tex 2019/02/02 v3.1.1 (3.1.1)

("D:\Eigene Dateien\Programme\MiKTeX\tex/generic/pgf/libraries\pgflibraryfading
s.code.tex"
File: pgflibraryfadings.code.tex 2019/02/02 v3.1.1 (3.1.1)
))) ("D:\Eigene Dateien\Programme\MiKTeX\tex/latex/tools\calc.sty"
Package: calc 2017/05/25 v4.3 Infix arithmetic (KKT,FJ)
\calc@Acount=\count500
\calc@Bcount=\count501
\calc@Adimen=\dimen325
\calc@Bdimen=\dimen326
\calc@Askip=\skip125
\calc@Bskip=\skip126
LaTeX Info: Redefining \setlength on input line 80.
LaTeX Info: Redefining \addtolength on input line 81.
\calc@Ccount=\count502
\calc@Cskip=\skip127
)
\c@@todonotes@numberoftodonotes=\count503
))
Package csquotes Info: Checking for multilingual support...
Package csquotes Info: ... found 'babel' package.
Package biblatex Info: Trying to load language 'english'...
Package biblatex Info: ... file 'english.lbx' found.
 ("D:\Eigene Dateien\Programme\MiKTeX\tex/latex/biblatex/lbx\english.lbx"
File: english.lbx 2018/11/02 v3.12 biblatex localization (PK/MW)
)
Package biblatex Info: Trying to load language 'ngerman'...
Package biblatex Info: ... file 'ngerman.lbx' found.

("D:\Eigene Dateien\Programme\MiKTeX\tex/latex/biblatex/lbx\ngerman.lbx"
File: ngerman.lbx 2018/11/02 v3.12 biblatex localization (PK/MW)
Package biblatex Info: Trying to load language 'german'...
Package biblatex Info: ... file 'german.lbx' found.

("D:\Eigene Dateien\Programme\MiKTeX\tex/latex/biblatex/lbx\german.lbx"
File: german.lbx 2018/11/02 v3.12 biblatex localization (PK/MW)
)
Package biblatex Info: Trying to load language 'german'...
Package biblatex Info: ... file 'german.lbx' found.

("D:\Eigene Dateien\Programme\MiKTeX\tex/latex/biblatex/lbx\german.lbx"
File: german.lbx 2018/11/02 v3.12 biblatex localization (PK/MW)
))
(main.aux)
\openout1 = `main.aux'.

LaTeX Font Info:    Checking defaults for OML/cmm/m/it on input line 23.
LaTeX Font Info:    ... okay on input line 23.
LaTeX Font Info:    Checking defaults for T1/cmr/m/n on input line 23.
LaTeX Font Info:    ... okay on input line 23.
LaTeX Font Info:    Checking defaults for OT1/cmr/m/n on input line 23.
LaTeX Font Info:    ... okay on input line 23.
LaTeX Font Info:    Checking defaults for OMS/cmsy/m/n on input line 23.
LaTeX Font Info:    ... okay on input line 23.
LaTeX Font Info:    Checking defaults for OMX/cmex/m/n on input line 23.
LaTeX Font Info:    ... okay on input line 23.
LaTeX Font Info:    Checking defaults for U/cmr/m/n on input line 23.
LaTeX Font Info:    ... okay on input line 23.
LaTeX Font Info:    Checking defaults for PD1/pdf/m/n on input line 23.
LaTeX Font Info:    ... okay on input line 23.
LaTeX Font Info:    Try loading font information for T1+pplx on input line 23.
 ("D:\Eigene Dateien\Programme\MiKTeX\tex/latex/psnfss\t1pplx.fd"
File: t1pplx.fd 2004/09/06 font definitions for T1/pplx.
)
Package nag Info: Attempting subfig hack.
Package nag Info: OK, equivalent to subfig 1.3, redefining \sf@@@subfloat.
Package nag Info: pgf.sty is broken: disabling dollar check on input line 23.
Package nag Info: Command \RaggedLeft not defined, skipping amendment on input 
line 23.
Package nag Info: Command \RaggedRight not defined, skipping amendment on input
 line 23.
Package biblatex Info: Input encoding 'utf8' detected.
Package biblatex Info: Automatic encoding selection.
(biblatex)             Assuming data encoding 'utf8'.
\openout3 = `main.bcf'.

Package biblatex Info: Trying to load bibliographic data...
Package biblatex Info: ... file 'main.bbl' found.

(main.bbl)
Package biblatex Info: Reference section=0 on input line 23.
Package biblatex Info: Reference segment=0 on input line 23.

("D:\Eigene Dateien\Programme\MiKTeX\tex/context/base/mkii\supp-pdf.mkii"
[Loading MPS to PDF converter (version 2006.09.02).]
\scratchcounter=\count504
\scratchdimen=\dimen327
\scratchbox=\box77
\nofMPsegments=\count505
\nofMParguments=\count506
\everyMPshowfont=\toks56
\MPscratchCnt=\count507
\MPscratchDim=\dimen328
\MPnumerator=\count508
\makeMPintoPDFobject=\count509
\everyMPtoPDFconversion=\toks57
) ("D:\Eigene Dateien\Programme\MiKTeX\tex/latex/oberdiek\epstopdf-base.sty"
Package: epstopdf-base 2016/05/15 v2.6 Base part for package epstopdf

("D:\Eigene Dateien\Programme\MiKTeX\tex/latex/oberdiek\grfext.sty"
Package: grfext 2016/05/16 v1.2 Manage graphics extensions (HO)
)
Package epstopdf-base Info: Redefining graphics rule for `.eps' on input line 4
38.
Package grfext Info: Graphics extension search list:
(grfext)             [.pdf,.png,.jpg,.mps,.jpeg,.jbig2,.jb2,.PDF,.PNG,.JPG,.JPE
G,.JBIG2,.JB2,.eps]
(grfext)             \AppendGraphicsExtensions on input line 456.
)
\c@lstlisting=\count510
Package scrhack Info: undefining \float@addtolists on input line 23.

ABD: EveryShipout initializing macros
Package pgfplots notification 'compat/show suggested version=true': document ha
s been generated with the most recent feature set (\pgfplotsset{compat=1.16}).

LaTeX Info: Redefining \microtypecontext on input line 23.
Package microtype Info: Generating PDF output.
Package microtype Info: Character protrusion enabled (level 2).
Package microtype Info: Using default protrusion set `alltext'.
Package microtype Info: Automatic font expansion enabled (level 2),
(microtype)             stretch: 20, shrink: 20, step: 1, non-selected.
Package microtype Info: Using default expansion set `basictext'.
Package microtype Info: No adjustment of tracking.
Package microtype Info: No adjustment of interword spacing.
Package microtype Info: No adjustment of character kerning.
("D:\Eigene Dateien\Programme\MiKTeX\tex/latex/microtype\mt-ppl.cfg"
File: mt-ppl.cfg 2005/11/16 v1.6 microtype config. file: Palatino (RS)
)
Package caption Info: Begin \AtBeginDocument code.
Package caption Info: subfig package v1.3 is loaded.
Package caption Info: hyperref package is loaded.
Package caption Info: longtable package is loaded.

("D:\Eigene Dateien\Programme\MiKTeX\tex/latex/caption\ltcaption.sty"
Package: ltcaption 2018/08/26 v1.4-95 longtable captions (AR)
)
Package caption Info: supertabular package is loaded.
Package caption Info: End \AtBeginDocument code.
\AtBeginShipoutBox=\box78
Package hyperref Info: Link coloring OFF on input line 23.

("D:\Eigene Dateien\Programme\MiKTeX\tex/latex/hyperref\nameref.sty"
Package: nameref 2016/05/21 v2.44 Cross-referencing by name of section

("D:\Eigene Dateien\Programme\MiKTeX\tex/generic/oberdiek\gettitlestring.sty"
Package: gettitlestring 2016/05/16 v1.5 Cleanup title references (HO)
)
\c@section@level=\count511
)
LaTeX Info: Redefining \ref on input line 23.
LaTeX Info: Redefining \pageref on input line 23.
LaTeX Info: Redefining \nameref on input line 23.
(main.out) (main.out)
\@outlinefile=\write8
\openout8 = `main.out'.

Class scrbook Info: loading recommended package `bookmark'.
(scrbook)           Using `bookmark' together with `hyperref' is recommended,
(scrbook)           because of handling of possible bookmark level gaps.
(scrbook)           You can avoid loading `bookmark' with KOMA-Script option
(scrbook)           `bookmarkpackage=false' before \begin{document} and
(scrbook)           you can avoid this message with `\usepackage{bookmark}'
(scrbook)           before \begin{document} on input line 23.

("D:\Eigene Dateien\Programme\MiKTeX\tex/latex/oberdiek\bookmark.sty"
Package: bookmark 2016/05/17 v1.26 PDF bookmarks (HO)

("D:\Eigene Dateien\Programme\MiKTeX\tex/latex/oberdiek\bkm-pdftex.def"
File: bkm-pdftex.def 2016/05/17 v1.26 bookmark driver for pdfTeX (HO)
Package auxhook Info: \AddLineBeginMainAux comes a little late,
(auxhook)             because the main .aux file is already opened on input lin
e 164.
\BKM@id=\count512
))
Now handling font encoding TS1 ...
... processing UTF-8 mapping file for font encoding TS1

("D:\Eigene Dateien\Programme\MiKTeX\tex/latex/base\ts1enc.dfu"
File: ts1enc.dfu 2018/10/05 v1.2f UTF-8 support for inputenc
   defining Unicode char U+00A2 (decimal 162)
   defining Unicode char U+00A3 (decimal 163)
   defining Unicode char U+00A4 (decimal 164)
   defining Unicode char U+00A5 (decimal 165)
   defining Unicode char U+00A6 (decimal 166)
   defining Unicode char U+00A7 (decimal 167)
   defining Unicode char U+00A8 (decimal 168)
   defining Unicode char U+00A9 (decimal 169)
   defining Unicode char U+00AA (decimal 170)
   defining Unicode char U+00AC (decimal 172)
   defining Unicode char U+00AE (decimal 174)
   defining Unicode char U+00AF (decimal 175)
   defining Unicode char U+00B0 (decimal 176)
   defining Unicode char U+00B1 (decimal 177)
   defining Unicode char U+00B2 (decimal 178)
   defining Unicode char U+00B3 (decimal 179)
   defining Unicode char U+00B4 (decimal 180)
   defining Unicode char U+00B5 (decimal 181)
   defining Unicode char U+00B6 (decimal 182)
   defining Unicode char U+00B7 (decimal 183)
   defining Unicode char U+00B9 (decimal 185)
   defining Unicode char U+00BA (decimal 186)
   defining Unicode char U+00BC (decimal 188)
   defining Unicode char U+00BD (decimal 189)
   defining Unicode char U+00BE (decimal 190)
   defining Unicode char U+00D7 (decimal 215)
   defining Unicode char U+00F7 (decimal 247)
   defining Unicode char U+0192 (decimal 402)
   defining Unicode char U+02C7 (decimal 711)
   defining Unicode char U+02D8 (decimal 728)
   defining Unicode char U+02DD (decimal 733)
   defining Unicode char U+0E3F (decimal 3647)
   defining Unicode char U+2016 (decimal 8214)
   defining Unicode char U+2020 (decimal 8224)
   defining Unicode char U+2021 (decimal 8225)
   defining Unicode char U+2022 (decimal 8226)
   defining Unicode char U+2030 (decimal 8240)
   defining Unicode char U+2031 (decimal 8241)
   defining Unicode char U+203B (decimal 8251)
   defining Unicode char U+203D (decimal 8253)
   defining Unicode char U+2044 (decimal 8260)
   defining Unicode char U+204E (decimal 8270)
   defining Unicode char U+2052 (decimal 8274)
   defining Unicode char U+20A1 (decimal 8353)
   defining Unicode char U+20A4 (decimal 8356)
   defining Unicode char U+20A6 (decimal 8358)
   defining Unicode char U+20A9 (decimal 8361)
   defining Unicode char U+20AB (decimal 8363)
   defining Unicode char U+20AC (decimal 8364)
   defining Unicode char U+20B1 (decimal 8369)
   defining Unicode char U+2103 (decimal 8451)
   defining Unicode char U+2116 (decimal 8470)
   defining Unicode char U+2117 (decimal 8471)
   defining Unicode char U+211E (decimal 8478)
   defining Unicode char U+2120 (decimal 8480)
   defining Unicode char U+2122 (decimal 8482)
   defining Unicode char U+2126 (decimal 8486)
   defining Unicode char U+2127 (decimal 8487)
   defining Unicode char U+212E (decimal 8494)
   defining Unicode char U+2190 (decimal 8592)
   defining Unicode char U+2191 (decimal 8593)
   defining Unicode char U+2192 (decimal 8594)
   defining Unicode char U+2193 (decimal 8595)
   defining Unicode char U+2329 (decimal 9001)
   defining Unicode char U+232A (decimal 9002)
   defining Unicode char U+2422 (decimal 9250)
   defining Unicode char U+25E6 (decimal 9702)
   defining Unicode char U+25EF (decimal 9711)
   defining Unicode char U+266A (decimal 9834)
   defining Unicode char U+FEFF (decimal 65279)
)
("D:\Eigene Dateien\Programme\MiKTeX\tex/latex/translator\translator-basic-dict
ionary-English.dict"
Dictionary: translator-basic-dictionary, Language: English 
)
("D:\Eigene Dateien\Programme\MiKTeX\tex/latex/siunitx\siunitx-abbreviations.cf
g"
File: siunitx-abbreviations.cfg 2017/11/26 v2.7k siunitx: Abbreviated units
)
Package nag Info: Command \hc@caption not defined, skipping amendment on input 
line 23.
LaTeX Font Info:    Try loading font information for OT1+pplx on input line 23.

 ("D:\Eigene Dateien\Programme\MiKTeX\tex/latex/psnfss\ot1pplx.fd"
File: ot1pplx.fd 2004/09/06 font definitions for OT1/pplx.
)
LaTeX Font Info:    Try loading font information for OML+zplm on input line 23.


("D:\Eigene Dateien\Programme\MiKTeX\tex/latex/psnfss\omlzplm.fd"
File: omlzplm.fd 2002/09/08 Fontinst v1.914 font definitions for OML/zplm.
)
LaTeX Font Info:    Try loading font information for OMS+zplm on input line 23.


("D:\Eigene Dateien\Programme\MiKTeX\tex/latex/psnfss\omszplm.fd"
File: omszplm.fd 2002/09/08 Fontinst v1.914 font definitions for OMS/zplm.
)
LaTeX Font Info:    Try loading font information for OMX+zplm on input line 23.


("D:\Eigene Dateien\Programme\MiKTeX\tex/latex/psnfss\omxzplm.fd"
File: omxzplm.fd 2002/09/08 Fontinst v1.914 font definitions for OMX/zplm.
)
LaTeX Font Info:    Try loading font information for OT1+zplm on input line 23.


("D:\Eigene Dateien\Programme\MiKTeX\tex/latex/psnfss\ot1zplm.fd"
File: ot1zplm.fd 2002/09/08 Fontinst v1.914 font definitions for OT1/zplm.
)
Package microtype Info: Loading generic protrusion settings for font family
(microtype)             `zplm' (encoding: OT1).
(microtype)             For optimal results, create family-specific settings.
(microtype)             See the microtype manual for details.
Package microtype Info: Loading generic protrusion settings for font family
(microtype)             `cmss' (encoding: OT1).
(microtype)             For optimal results, create family-specific settings.
(microtype)             See the microtype manual for details.
Package microtype Info: Loading generic protrusion settings for font family
(microtype)             `cmtt' (encoding: OT1).
(microtype)             For optimal results, create family-specific settings.
(microtype)             See the microtype manual for details.

(pages/cover.tex
<logos/tum.pdf, id=30, 54.02504pt x 28.452pt>
File: logos/tum.pdf Graphic file (type pdf)
<use logos/tum.pdf>
Package pdftex.def Info: logos/tum.pdf  used on input line 16.
(pdftex.def)             Requested size: 108.06296pt x 56.9055pt.
LaTeX Font Info:    Font shape `T1/pplx/bx/n' in size <20.74> not available
(Font)              Font shape `T1/pplx/b/n' tried instead on input line 31.
LaTeX Font Info:    Font shape `T1/pplx/bx/n' in size <17.28> not available
(Font)              Font shape `T1/pplx/b/n' tried instead on input line 35.
<logos/faculty.png, id=31, 339.51843pt x 339.51843pt>
File: logos/faculty.png Graphic file (type png)
<use logos/faculty.png>
Package pdftex.def Info: logos/faculty.png  used on input line 40.
(pdftex.def)             Requested size: 56.904pt x 56.9055pt.
 [1

\openout5 = `main.xdy'.



{C:/Users/WIN-7/AppData/Local/MiKTeX/2.9/pdftex/config/pdftex.map} <./logos/tum
.pdf> <./logos/faculty.png>]) (pages/title.tex
File: logos/tum.pdf Graphic file (type pdf)
<use logos/tum.pdf>
Package pdftex.def Info: logos/tum.pdf  used on input line 8.
(pdftex.def)             Requested size: 108.06296pt x 56.9055pt.
 [1



])
(pages/disclaimer.tex [2]) (pages/acknowledgements.tex
LaTeX Font Info:    Try loading font information for OMS+pplx on input line 22.

LaTeX Font Info:    No file OMSpplx.fd. on input line 22.


LaTeX Font Warning: Font shape `OMS/pplx/m/n' undefined
(Font)              using `OMS/cmsy/m/n' instead
(Font)              for symbol `textbullet' on input line 22.

[3


]) (pages/abstract.tex
chapter without number
LaTeX Font Info:    Font shape `T1/pplx/bx/n' in size <10.95> not available
(Font)              Font shape `T1/pplx/b/n' tried instead on input line 1.
Package hyperref Info: bookmark level for unknown todo defaults to 0 on input l
ine 14.

LaTeX Warning: Marginpar on page iv moved.

) [4




]
Package tocbasic Info: character protrusion at toc deactivated on input line 41
.
 (main.toc [5




])
\tf@toc=\write9
\openout9 = `main.toc'.

LaTeX Font Info:    Font shape `T1/pplx/m/sl' in size <10.95> not available
(Font)              Font shape `T1/pplx/m/it' tried instead on input line 45.
 [6] (chapters/01_introduction.tex
chapter 1.
<figures/IDC-2018.jpg, id=165, 621.82312pt x 488.57532pt>
File: figures/IDC-2018.jpg Graphic file (type jpg)
<use figures/IDC-2018.jpg>
Package pdftex.def Info: figures/IDC-2018.jpg  used on input line 18.
(pdftex.def)             Requested size: 250.95587pt x 197.1786pt.
[1



 <./figures/IDC-2018.jpg>]
LaTeX Font Info:    Font shape `T1/pplx/bx/n' in size <14.4> not available
(Font)              Font shape `T1/pplx/b/n' tried instead on input line 40.
 [2]
<figures/mixed_reality.png, id=191, 456.95718pt x 140.77594pt>
File: figures/mixed_reality.png Graphic file (type png)
<use figures/mixed_reality.png>
Package pdftex.def Info: figures/mixed_reality.png  used on input line 59.
(pdftex.def)             Requested size: 313.69167pt x 96.64357pt.
 [3 <./figures/mixed_reality.png>] [4]
LaTeX Font Info:    Font shape `T1/pplx/bx/n' in size <12> not available
(Font)              Font shape `T1/pplx/b/n' tried instead on input line 89.
<figures/Ui_Anchor_Unity.png, id=211, 261.97874pt x 300.12125pt>
File: figures/Ui_Anchor_Unity.png Graphic file (type png)
<use figures/Ui_Anchor_Unity.png>
Package pdftex.def Info: figures/Ui_Anchor_Unity.png  used on input line 101.
(pdftex.def)             Requested size: 167.29967pt x 191.6602pt.
 [5 <./figures/Ui_Anchor_Unity.png>]
<figures/diegeticUI.jpeg, id=227, 803.0pt x 451.6875pt>
File: figures/diegeticUI.jpeg Graphic file (type jpg)
<use figures/diegeticUI.jpeg>
Package pdftex.def Info: figures/diegeticUI.jpeg  used on input line 116.
(pdftex.def)             Requested size: 292.7776pt x 164.68881pt.
) (chapters/02_background.tex [6 <./figures/diegeticUI.jpeg>]
chapter 2.
[7


] [8]
<figures/cylinder_mapping.png, id=254, 702.625pt x 428.60126pt>
File: figures/cylinder_mapping.png Graphic file (type png)
<use figures/cylinder_mapping.png>
Package pdftex.def Info: figures/cylinder_mapping.png  used on input line 87.
(pdftex.def)             Requested size: 313.69167pt x 191.35805pt.
) (chapters/03_hierarchical_approach.tex [9 <./figures/cylinder_mapping.png>]
chapter 3.
[10


] [11] [12] [13]
<figures/HololensMain.png, id=291, 657.95813pt x 338.76563pt>
File: figures/HololensMain.png Graphic file (type png)
<use figures/HololensMain.png>
Package pdftex.def Info: figures/HololensMain.png  used on input line 115.
(pdftex.def)             Requested size: 313.69167pt x 161.51495pt.
 [14 <./figures/HololensMain.png>] [15] [16])
(chapters/04_results.tex [17]
chapter 4.
[18


] [19]) (chapters/05_conclusion.tex [20]
chapter 5.
[21


]) [22]
Package tocbasic Info: character protrusion at lof deactivated on input line 57
.
 (main.lof)
\tf@lof=\write10
\openout10 = `main.lof'.

 [23


]
Package tocbasic Info: character protrusion at lot deactivated on input line 58
.
 (main.lot)
\tf@lot=\write11
\openout11 = `main.lot'.


No file main.gls.
No file main.acr.
[24


]
chapter without number

Package biblatex Warning: No driver for entry type 'miscellaneous'.
(biblatex)                Using fallback driver on input line 61.

Package microtype Info: Character `029' is missing
(microtype)             in font `T1/pplx/m/sc/10.95'.
(microtype)             Ignoring protrusion settings for this character.
LaTeX Font Info:    Try loading font information for T1+cmtt on input line 61.
("D:\Eigene Dateien\Programme\MiKTeX\tex/latex/base\t1cmtt.fd"
File: t1cmtt.fd 2014/09/29 v2.5h Standard LaTeX font definitions
)
Package microtype Info: Loading generic protrusion settings for font family
(microtype)             `cmtt' (encoding: T1).
(microtype)             For optimal results, create family-specific settings.
(microtype)             See the microtype manual for details.


Package biblatex Warning: No driver for entry type 'miscellaneous'.
(biblatex)                Using fallback driver on input line 61.


Package biblatex Warning: No driver for entry type 'miscellaneous'.
(biblatex)                Using fallback driver on input line 61.


Package biblatex Warning: No driver for entry type 'miscellaneous'.
(biblatex)                Using fallback driver on input line 61.


Package biblatex Warning: No driver for entry type 'miscellaneous'.
(biblatex)                Using fallback driver on input line 61.


Package biblatex Warning: No driver for entry type 'miscellaneous'.
(biblatex)                Using fallback driver on input line 61.


Package biblatex Warning: No driver for entry type 'miscellaneous'.
(biblatex)                Using fallback driver on input line 61.


Package biblatex Warning: No driver for entry type 'miscellaneous'.
(biblatex)                Using fallback driver on input line 61.


Package biblatex Warning: No driver for entry type 'miscellaneous'.
(biblatex)                Using fallback driver on input line 61.

[25


]

Package biblatex Warning: No driver for entry type 'miscellaneous'.
(biblatex)                Using fallback driver on input line 61.


Package biblatex Warning: No driver for entry type 'miscellaneous'.
(biblatex)                Using fallback driver on input line 61.

No complaints by nag.
[26]
Package atveryend Info: Empty hook `BeforeClearDocument' on input line 62.
Package atveryend Info: Empty hook `AfterLastShipout' on input line 62.
 (main.aux)
Package atveryend Info: Executing hook `AtVeryEndDocument' on input line 62.
Package atveryend Info: Executing hook `AtEndAfterFileList' on input line 62.
Package rerunfilecheck Info: File `main.out' has not changed.
(rerunfilecheck)             Checksum: D41D8CD98F00B204E9800998ECF8427E;0.


LaTeX Font Warning: Some font shapes were not available, defaults substituted.

Package logreq Info: Writing requests to 'main.run.xml'.
\openout1 = `main.run.xml'.

 ) 
Here is how much of TeX's memory you used:
 60768 strings out of 492946
 1326555 string characters out of 3132440
 2047209 words of memory out of 3000000
 63296 multiletter control sequences out of 15000+200000
 592102 words of font info for 332 fonts, out of 3000000 for 9000
 1143 hyphenation exceptions out of 8191
 81i,9n,136p,9085b,3193s stack positions out of 5000i,500n,10000p,200000b,50000s
 <C:\Users\WIN-7\AppData\Local\MiKTeX\2.9\fonts/pk/ljfour/jknappen/ec/dpi600\
ectt1095.pk>{D:/Eigene Dateien/Programme/MiKTeX/fonts/enc/dvips/base/8r.enc}<D:
/Eigene Dateien/Programme/MiKTeX/fonts/type1/public/amsfonts/cm/cmsy10.pfb><D:/
Eigene Dateien/Programme/MiKTeX/fonts/type1/public/fpl/fplrc8a.pfb><D:/Eigene D
ateien/Programme/MiKTeX/fonts/type1/urw/palatino/uplb8a.pfb><D:/Eigene Dateien/
Programme/MiKTeX/fonts/type1/urw/palatino/uplr8a.pfb><D:/Eigene Dateien/Program
me/MiKTeX/fonts/type1/urw/palatino/uplri8a.pfb>
Output written on main.pdf (33 pages, 1040365 bytes).
PDF statistics:
 613 PDF objects out of 1000 (max. 8388607)
 97 named destinations out of 1000 (max. 500000)
 41397 words of extra memory for PDF output out of 42996 (max. 10000000)

